TN:
SF:src/eval.js
FN:13,loadModels
FN:31,(anonymous_1)
FN:41,renderBadge
FN:48,evalImage
FN:71,(anonymous_4)
FN:81,(anonymous_5)
FN:93,(anonymous_6)
FN:96,(anonymous_7)
FN:138,start
FN:143,(anonymous_9)
FNF:10
FNH:0
FNDA:0,loadModels
FNDA:0,(anonymous_1)
FNDA:0,renderBadge
FNDA:0,evalImage
FNDA:0,(anonymous_4)
FNDA:0,(anonymous_5)
FNDA:0,(anonymous_6)
FNDA:0,(anonymous_7)
FNDA:0,start
FNDA:0,(anonymous_9)
DA:6,0
DA:7,0
DA:8,0
DA:10,0
DA:11,0
DA:14,0
DA:15,0
DA:16,0
DA:25,0
DA:26,0
DA:27,0
DA:30,0
DA:32,0
DA:33,0
DA:38,0
DA:42,0
DA:44,0
DA:45,0
DA:49,0
DA:50,0
DA:53,0
DA:54,0
DA:55,0
DA:58,0
DA:59,0
DA:60,0
DA:62,0
DA:63,0
DA:64,0
DA:66,0
DA:69,0
DA:70,0
DA:71,0
DA:74,0
DA:75,0
DA:76,0
DA:78,0
DA:79,0
DA:80,0
DA:81,0
DA:83,0
DA:87,0
DA:89,0
DA:90,0
DA:92,0
DA:93,0
DA:96,0
DA:97,0
DA:98,0
DA:99,0
DA:102,0
DA:103,0
DA:104,0
DA:105,0
DA:106,0
DA:107,0
DA:112,0
DA:113,0
DA:114,0
DA:117,0
DA:118,0
DA:121,0
DA:122,0
DA:125,0
DA:128,0
DA:129,0
DA:130,0
DA:132,0
DA:139,0
DA:140,0
DA:143,0
DA:144,0
DA:145,0
LF:73
LH:0
BRDA:32,0,0,0
BRDA:32,0,1,0
BRDA:33,1,0,0
BRDA:33,1,1,0
BRDA:78,2,0,0
BRDA:78,2,1,0
BRDA:97,3,0,0
BRDA:97,3,1,0
BRDA:97,4,0,0
BRDA:97,4,1,0
BRDA:112,5,0,0
BRDA:112,5,1,0
BRDA:129,6,0,0
BRDA:129,6,1,0
BRF:14
BRH:0
end_of_record
TN:
SF:src/main.js
FN:18,translateStaticDom
FN:19,(anonymous_1)
FN:22,(anonymous_2)
FN:25,(anonymous_3)
FN:36,(anonymous_4)
FN:37,(anonymous_5)
FN:38,(anonymous_6)
FN:39,(anonymous_7)
FN:40,(anonymous_8)
FN:41,(anonymous_9)
FN:42,(anonymous_10)
FN:43,(anonymous_11)
FN:44,(anonymous_12)
FN:45,(anonymous_13)
FN:46,(anonymous_14)
FN:47,(anonymous_15)
FN:48,(anonymous_16)
FN:49,(anonymous_17)
FN:50,(anonymous_18)
FN:51,(anonymous_19)
FN:52,(anonymous_20)
FN:53,(anonymous_21)
FN:54,(anonymous_22)
FN:55,(anonymous_23)
FN:56,(anonymous_24)
FN:57,(anonymous_25)
FN:58,(anonymous_26)
FN:59,(anonymous_27)
FN:60,(anonymous_28)
FN:61,(anonymous_29)
FN:71,navigate
FN:98,(anonymous_31)
FN:114,(anonymous_32)
FN:142,(anonymous_33)
FN:167,(anonymous_34)
FN:170,(anonymous_35)
FN:187,initLanguagePicker
FN:197,(anonymous_37)
FN:200,(anonymous_38)
FN:204,boot
FN:210,(anonymous_40)
FNF:41
FNH:0
FNDA:0,translateStaticDom
FNDA:0,(anonymous_1)
FNDA:0,(anonymous_2)
FNDA:0,(anonymous_3)
FNDA:0,(anonymous_4)
FNDA:0,(anonymous_5)
FNDA:0,(anonymous_6)
FNDA:0,(anonymous_7)
FNDA:0,(anonymous_8)
FNDA:0,(anonymous_9)
FNDA:0,(anonymous_10)
FNDA:0,(anonymous_11)
FNDA:0,(anonymous_12)
FNDA:0,(anonymous_13)
FNDA:0,(anonymous_14)
FNDA:0,(anonymous_15)
FNDA:0,(anonymous_16)
FNDA:0,(anonymous_17)
FNDA:0,(anonymous_18)
FNDA:0,(anonymous_19)
FNDA:0,(anonymous_20)
FNDA:0,(anonymous_21)
FNDA:0,(anonymous_22)
FNDA:0,(anonymous_23)
FNDA:0,(anonymous_24)
FNDA:0,(anonymous_25)
FNDA:0,(anonymous_26)
FNDA:0,(anonymous_27)
FNDA:0,(anonymous_28)
FNDA:0,(anonymous_29)
FNDA:0,navigate
FNDA:0,(anonymous_31)
FNDA:0,(anonymous_32)
FNDA:0,(anonymous_33)
FNDA:0,(anonymous_34)
FNDA:0,(anonymous_35)
FNDA:0,initLanguagePicker
FNDA:0,(anonymous_37)
FNDA:0,(anonymous_38)
FNDA:0,boot
FNDA:0,(anonymous_40)
DA:19,0
DA:20,0
DA:22,0
DA:23,0
DA:25,0
DA:26,0
DA:32,0
DA:35,0
DA:36,0
DA:37,0
DA:38,0
DA:39,0
DA:40,0
DA:41,0
DA:42,0
DA:43,0
DA:44,0
DA:45,0
DA:46,0
DA:47,0
DA:48,0
DA:49,0
DA:50,0
DA:51,0
DA:52,0
DA:53,0
DA:54,0
DA:55,0
DA:56,0
DA:57,0
DA:58,0
DA:59,0
DA:60,0
DA:61,0
DA:64,0
DA:67,0
DA:68,0
DA:73,0
DA:77,0
DA:78,0
DA:79,0
DA:84,0
DA:88,0
DA:90,0
DA:93,0
DA:94,0
DA:95,0
DA:98,0
DA:99,0
DA:102,0
DA:103,0
DA:104,0
DA:105,0
DA:106,0
DA:107,0
DA:111,0
DA:114,0
DA:115,0
DA:119,0
DA:120,0
DA:121,0
DA:124,0
DA:129,0
DA:130,0
DA:132,0
DA:133,0
DA:139,0
DA:142,0
DA:145,0
DA:146,0
DA:147,0
DA:148,0
DA:149,0
DA:150,0
DA:151,0
DA:152,0
DA:156,0
DA:158,0
DA:161,0
DA:162,0
DA:167,0
DA:170,0
DA:171,0
DA:172,0
DA:173,0
DA:174,0
DA:178,0
DA:179,0
DA:188,0
DA:189,0
DA:191,0
DA:192,0
DA:193,0
DA:194,0
DA:195,0
DA:196,0
DA:197,0
DA:199,0
DA:200,0
DA:201,0
DA:205,0
DA:206,0
DA:207,0
DA:210,0
DA:211,0
DA:212,0
DA:213,0
DA:214,0
DA:217,0
DA:219,0
DA:220,0
DA:222,0
DA:223,0
DA:226,0
DA:231,0
DA:232,0
DA:235,0
LF:117
LH:0
BRDA:73,0,0,0
BRDA:73,0,1,0
BRDA:77,1,0,0
BRDA:77,1,1,0
BRDA:90,2,0,0
BRDA:90,2,1,0
BRDA:95,3,0,0
BRDA:95,3,1,0
BRDA:99,4,0,0
BRDA:99,4,1,0
BRDA:102,5,0,0
BRDA:102,5,1,0
BRDA:102,6,0,0
BRDA:102,6,1,0
BRDA:103,7,0,0
BRDA:103,7,1,0
BRDA:105,8,0,0
BRDA:105,8,1,0
BRDA:111,9,0,0
BRDA:111,9,1,0
BRDA:119,10,0,0
BRDA:119,10,1,0
BRDA:145,11,0,0
BRDA:145,11,1,0
BRDA:147,12,0,0
BRDA:147,12,1,0
BRDA:151,13,0,0
BRDA:151,13,1,0
BRDA:156,14,0,0
BRDA:156,14,1,0
BRDA:173,15,0,0
BRDA:173,15,1,0
BRDA:179,16,0,0
BRDA:179,16,1,0
BRDA:189,17,0,0
BRDA:189,17,1,0
BRDA:189,18,0,0
BRDA:189,18,1,0
BRDA:212,19,0,0
BRDA:212,19,1,0
BRDA:214,20,0,0
BRDA:214,20,1,0
BRDA:231,21,0,0
BRDA:231,21,1,0
BRF:44
BRH:0
end_of_record
TN:
SF:src/aurora/accordion.js
FN:1,initAccordions
FN:3,(anonymous_1)
FN:6,(anonymous_2)
FN:8,(anonymous_3)
FN:13,(anonymous_4)
FNF:5
FNH:0
FNDA:0,initAccordions
FNDA:0,(anonymous_1)
FNDA:0,(anonymous_2)
FNDA:0,(anonymous_3)
FNDA:0,(anonymous_4)
DA:2,0
DA:3,0
DA:4,0
DA:5,0
DA:6,0
DA:7,0
DA:8,0
DA:9,0
DA:10,0
DA:11,0
DA:12,0
DA:13,0
DA:14,0
DA:15,0
DA:16,0
DA:19,0
DA:20,0
LF:17
LH:0
BRDA:1,0,0,0
BRDA:4,1,0,0
BRDA:4,1,1,0
BRDA:7,2,0,0
BRDA:7,2,1,0
BRDA:12,3,0,0
BRDA:12,3,1,0
BRDA:12,4,0,0
BRDA:12,4,1,0
BRDA:16,5,0,0
BRDA:16,5,1,0
BRF:11
BRH:0
end_of_record
TN:
SF:src/aurora/drawer.js
FN:1,initDrawers
FN:12,(anonymous_1)
FN:19,openDrawer
FN:29,(anonymous_3)
FN:38,closeActive
FN:44,(anonymous_5)
FN:54,handleEscape
FN:56,trapFocus
FNF:8
FNH:0
FNDA:0,initDrawers
FNDA:0,(anonymous_1)
FNDA:0,openDrawer
FNDA:0,(anonymous_3)
FNDA:0,closeActive
FNDA:0,(anonymous_5)
FNDA:0,handleEscape
FNDA:0,trapFocus
DA:2,0
DA:4,0
DA:5,0
DA:6,0
DA:7,0
DA:8,0
DA:9,0
DA:12,0
DA:13,0
DA:14,0
DA:15,0
DA:16,0
DA:20,0
DA:21,0
DA:22,0
DA:23,0
DA:24,0
DA:25,0
DA:26,0
DA:27,0
DA:28,0
DA:29,0
DA:30,0
DA:31,0
DA:33,0
DA:34,0
DA:37,0
DA:39,0
DA:40,0
DA:41,0
DA:42,0
DA:43,0
DA:44,0
DA:45,0
DA:46,0
DA:47,0
DA:49,0
DA:50,0
DA:51,0
DA:54,0
DA:57,0
DA:58,0
DA:59,0
DA:60,0
DA:61,0
DA:62,0
DA:63,0
DA:64,0
LF:48
LH:0
BRDA:5,0,0,0
BRDA:5,0,1,0
BRDA:14,1,0,0
BRDA:14,1,1,0
BRDA:16,2,0,0
BRDA:16,2,1,0
BRDA:16,3,0,0
BRDA:16,3,1,0
BRDA:20,4,0,0
BRDA:20,4,1,0
BRDA:22,5,0,0
BRDA:22,5,1,0
BRDA:38,6,0,0
BRDA:39,7,0,0
BRDA:39,7,1,0
BRDA:41,8,0,0
BRDA:41,8,1,0
BRDA:48,9,0,0
BRDA:48,9,1,0
BRDA:54,10,0,0
BRDA:54,10,1,0
BRDA:57,11,0,0
BRDA:57,11,1,0
BRDA:59,12,0,0
BRDA:59,12,1,0
BRDA:61,13,0,0
BRDA:61,13,1,0
BRDA:63,14,0,0
BRDA:63,14,1,0
BRDA:63,15,0,0
BRDA:63,15,1,0
BRDA:64,16,0,0
BRDA:64,16,1,0
BRDA:64,17,0,0
BRDA:64,17,1,0
BRF:35
BRH:0
end_of_record
TN:
SF:src/aurora/splitter.js
FN:2,constructor
FN:20,bindEvents
FN:21,(anonymous_2)
FN:22,(anonymous_3)
FN:25,onPointerDown
FN:32,(anonymous_5)
FN:33,(anonymous_6)
FN:40,onPointerMove
FN:52,onPointerUp
FN:62,onKeyDown
FN:69,setSplitPosition
FN:77,initSplitters
FN:78,(anonymous_12)
FNF:13
FNH:0
FNDA:0,constructor
FNDA:0,bindEvents
FNDA:0,(anonymous_2)
FNDA:0,(anonymous_3)
FNDA:0,onPointerDown
FNDA:0,(anonymous_5)
FNDA:0,(anonymous_6)
FNDA:0,onPointerMove
FNDA:0,onPointerUp
FNDA:0,onKeyDown
FNDA:0,setSplitPosition
FNDA:0,initSplitters
FNDA:0,(anonymous_12)
DA:3,0
DA:4,0
DA:5,0
DA:6,0
DA:7,0
DA:8,0
DA:9,0
DA:10,0
DA:11,0
DA:12,0
DA:13,0
DA:14,0
DA:15,0
DA:16,0
DA:17,0
DA:21,0
DA:22,0
DA:26,0
DA:27,0
DA:28,0
DA:29,0
DA:30,0
DA:31,0
DA:32,0
DA:33,0
DA:34,0
DA:35,0
DA:36,0
DA:37,0
DA:41,0
DA:42,0
DA:44,0
DA:45,0
DA:47,0
DA:49,0
DA:53,0
DA:54,0
DA:55,0
DA:56,0
DA:57,0
DA:58,0
DA:59,0
DA:63,0
DA:64,0
DA:65,0
DA:66,0
DA:70,0
DA:71,0
DA:72,0
DA:73,0
DA:78,0
LF:51
LH:0
BRDA:5,0,0,0
BRDA:5,0,1,0
BRDA:6,1,0,0
BRDA:6,1,1,0
BRDA:16,2,0,0
BRDA:16,2,1,0
BRDA:26,3,0,0
BRDA:26,3,1,0
BRDA:26,4,0,0
BRDA:26,4,1,0
BRDA:31,5,0,0
BRDA:31,5,1,0
BRDA:41,6,0,0
BRDA:41,6,1,0
BRDA:44,7,0,0
BRDA:44,7,1,0
BRDA:53,8,0,0
BRDA:53,8,1,0
BRDA:65,9,0,0
BRDA:65,9,1,0
BRDA:65,10,0,0
BRDA:65,10,1,0
BRDA:65,10,2,0
BRDA:65,10,3,0
BRDA:66,11,0,0
BRDA:66,11,1,0
BRDA:66,12,0,0
BRDA:66,12,1,0
BRDA:66,12,2,0
BRDA:66,12,3,0
BRDA:77,13,0,0
BRF:31
BRH:0
end_of_record
TN:
SF:src/aurora/tabs.js
FN:1,initTabs
FN:2,(anonymous_1)
FN:8,(anonymous_2)
FN:9,(anonymous_3)
FN:10,(anonymous_4)
FN:23,focus
FN:28,activate
FN:30,(anonymous_7)
FNF:8
FNH:0
FNDA:0,initTabs
FNDA:0,(anonymous_1)
FNDA:0,(anonymous_2)
FNDA:0,(anonymous_3)
FNDA:0,(anonymous_4)
FNDA:0,focus
FNDA:0,activate
FNDA:0,(anonymous_7)
DA:2,0
DA:3,0
DA:4,0
DA:5,0
DA:6,0
DA:8,0
DA:9,0
DA:10,0
DA:11,0
DA:12,0
DA:13,0
DA:14,0
DA:15,0
DA:16,0
DA:17,0
DA:24,0
DA:25,0
DA:29,0
DA:30,0
DA:31,0
DA:32,0
DA:33,0
DA:34,0
DA:35,0
DA:36,0
DA:37,0
LF:26
LH:0
BRDA:1,0,0,0
BRDA:4,1,0,0
BRDA:4,1,1,0
BRDA:12,2,0,0
BRDA:12,2,1,0
BRDA:13,3,0,0
BRDA:13,3,1,0
BRDA:14,4,0,0
BRDA:14,4,1,0
BRDA:15,5,0,0
BRDA:15,5,1,0
BRDA:16,6,0,0
BRDA:16,6,1,0
BRDA:17,7,0,0
BRDA:17,7,1,0
BRDA:29,8,0,0
BRDA:29,8,1,0
BRDA:33,9,0,0
BRDA:33,9,1,0
BRDA:35,10,0,0
BRDA:35,10,1,0
BRDA:37,11,0,0
BRDA:37,11,1,0
BRDA:37,12,0,0
BRDA:37,12,1,0
BRF:25
BRH:0
end_of_record
TN:
SF:src/aurora/toast.js
FN:7,getPortal
FN:20,getAnnouncer
FN:33,dismissToast
FN:39,(anonymous_3)
FN:42,dismissAllToasts
FN:42,(anonymous_5)
FN:44,showToast
FN:80,(anonymous_7)
FN:84,(anonymous_8)
FN:86,(anonymous_9)
FN:89,(anonymous_10)
FN:92,(anonymous_11)
FN:99,(anonymous_12)
FNF:13
FNH:0
FNDA:0,getPortal
FNDA:0,getAnnouncer
FNDA:0,dismissToast
FNDA:0,(anonymous_3)
FNDA:0,dismissAllToasts
FNDA:0,(anonymous_5)
FNDA:0,showToast
FNDA:0,(anonymous_7)
FNDA:0,(anonymous_8)
FNDA:0,(anonymous_9)
FNDA:0,(anonymous_10)
FNDA:0,(anonymous_11)
FNDA:0,(anonymous_12)
DA:1,0
DA:2,0
DA:3,0
DA:4,0
DA:5,0
DA:8,0
DA:9,0
DA:10,0
DA:11,0
DA:12,0
DA:13,0
DA:14,0
DA:16,0
DA:17,0
DA:21,0
DA:22,0
DA:23,0
DA:24,0
DA:25,0
DA:26,0
DA:27,0
DA:28,0
DA:30,0
DA:34,0
DA:35,0
DA:36,0
DA:37,0
DA:38,0
DA:39,0
DA:42,0
DA:45,0
DA:46,0
DA:48,0
DA:49,0
DA:51,0
DA:52,0
DA:54,0
DA:55,0
DA:56,0
DA:57,0
DA:58,0
DA:60,0
DA:64,0
DA:76,0
DA:77,0
DA:78,0
DA:79,0
DA:80,0
DA:81,0
DA:84,0
DA:86,0
DA:87,0
DA:89,0
DA:90,0
DA:91,0
DA:92,0
DA:96,0
DA:97,0
DA:98,0
DA:99,0
DA:100,0
DA:103,0
DA:104,0
LF:63
LH:0
BRDA:7,0,0,0
BRDA:9,1,0,0
BRDA:9,1,1,0
BRDA:22,2,0,0
BRDA:22,2,1,0
BRDA:33,3,0,0
BRDA:35,4,0,0
BRDA:35,4,1,0
BRDA:36,5,0,0
BRDA:36,5,1,0
BRDA:37,6,0,0
BRDA:37,6,1,0
BRDA:44,7,0,0
BRDA:44,8,0,0
BRDA:44,9,0,0
BRDA:44,10,0,0
BRDA:44,11,0,0
BRDA:44,12,0,0
BRDA:44,13,0,0
BRDA:44,14,0,0
BRDA:49,15,0,0
BRDA:49,15,1,0
BRDA:51,16,0,0
BRDA:51,16,1,0
BRDA:52,17,0,0
BRDA:52,17,1,0
BRDA:52,17,2,0
BRDA:57,18,0,0
BRDA:57,18,1,0
BRDA:57,19,0,0
BRDA:57,19,1,0
BRDA:60,20,0,0
BRDA:60,20,1,0
BRDA:62,21,0,0
BRDA:62,21,1,0
BRDA:68,22,0,0
BRDA:68,22,1,0
BRDA:73,23,0,0
BRDA:73,23,1,0
BRDA:76,24,0,0
BRDA:76,24,1,0
BRDA:76,25,0,0
BRDA:76,25,1,0
BRDA:87,26,0,0
BRDA:87,26,1,0
BRDA:90,27,0,0
BRDA:90,27,1,0
BRDA:98,28,0,0
BRDA:98,28,1,0
BRDA:99,29,0,0
BRDA:99,29,1,0
BRDA:103,30,0,0
BRDA:103,30,1,0
BRF:53
BRH:0
end_of_record
TN:
SF:src/components/fsa-browser.js
FN:7,constructor
FN:10,(anonymous_1)
FN:11,(anonymous_2)
FN:12,(anonymous_3)
FN:20,(anonymous_4)
FN:27,initDOM
FN:53,(anonymous_6)
FN:55,(anonymous_7)
FN:63,(anonymous_8)
FN:77,(anonymous_9)
FN:78,(anonymous_10)
FN:79,(anonymous_11)
FN:80,(anonymous_12)
FN:86,(anonymous_13)
FN:87,(anonymous_14)
FN:88,(anonymous_15)
FN:99,(anonymous_16)
FN:99,(anonymous_17)
FN:103,(anonymous_18)
FN:119,loadRecentLocations
FN:125,addRecentLocation
FN:126,(anonymous_21)
FN:133,updateSelectUI
FN:135,(anonymous_23)
FN:138,(anonymous_24)
FN:143,openLocation
FN:154,navigateUp
FN:161,handleDoubleClick
FN:180,scanCurrent
FN:201,(anonymous_29)
FNF:30
FNH:0
FNDA:0,constructor
FNDA:0,(anonymous_1)
FNDA:0,(anonymous_2)
FNDA:0,(anonymous_3)
FNDA:0,(anonymous_4)
FNDA:0,initDOM
FNDA:0,(anonymous_6)
FNDA:0,(anonymous_7)
FNDA:0,(anonymous_8)
FNDA:0,(anonymous_9)
FNDA:0,(anonymous_10)
FNDA:0,(anonymous_11)
FNDA:0,(anonymous_12)
FNDA:0,(anonymous_13)
FNDA:0,(anonymous_14)
FNDA:0,(anonymous_15)
FNDA:0,(anonymous_16)
FNDA:0,(anonymous_17)
FNDA:0,(anonymous_18)
FNDA:0,loadRecentLocations
FNDA:0,addRecentLocation
FNDA:0,(anonymous_21)
FNDA:0,updateSelectUI
FNDA:0,(anonymous_23)
FNDA:0,(anonymous_24)
FNDA:0,openLocation
FNDA:0,navigateUp
FNDA:0,handleDoubleClick
FNDA:0,scanCurrent
FNDA:0,(anonymous_29)
DA:8,0
DA:9,0
DA:15,0
DA:16,0
DA:17,0
DA:19,0
DA:20,0
DA:21,0
DA:22,0
DA:28,0
DA:53,0
DA:54,0
DA:55,0
DA:56,0
DA:57,0
DA:58,0
DA:59,0
DA:63,0
DA:64,0
DA:65,0
DA:66,0
DA:67,0
DA:69,0
DA:73,0
DA:74,0
DA:77,0
DA:78,0
DA:79,0
DA:81,0
DA:82,0
DA:83,0
DA:87,0
DA:88,0
DA:89,0
DA:91,0
DA:92,0
DA:93,0
DA:94,0
DA:95,0
DA:97,0
DA:99,0
DA:103,0
DA:104,0
DA:105,0
DA:106,0
DA:107,0
DA:108,0
DA:110,0
DA:111,0
DA:113,0
DA:114,0
DA:120,0
DA:121,0
DA:122,0
DA:126,0
DA:127,0
DA:128,0
DA:129,0
DA:130,0
DA:134,0
DA:135,0
DA:137,0
DA:138,0
DA:139,0
DA:144,0
DA:145,0
DA:146,0
DA:148,0
DA:149,0
DA:150,0
DA:151,0
DA:155,0
DA:156,0
DA:157,0
DA:158,0
DA:162,0
DA:163,0
DA:164,0
DA:166,0
DA:167,0
DA:168,0
DA:169,0
DA:172,0
DA:173,0
DA:174,0
DA:175,0
DA:181,0
DA:183,0
DA:184,0
DA:185,0
DA:188,0
DA:189,0
DA:190,0
DA:191,0
DA:193,0
DA:194,0
DA:195,0
DA:197,0
DA:200,0
DA:201,0
DA:202,0
DA:203,0
LF:102
LH:0
BRDA:7,0,0,0
BRDA:21,1,0,0
BRDA:21,1,1,0
BRDA:57,2,0,0
BRDA:57,2,1,0
BRDA:69,3,0,0
BRDA:69,3,1,0
BRDA:79,4,0,0
BRDA:79,4,1,0
BRDA:81,5,0,0
BRDA:81,5,1,0
BRDA:89,6,0,0
BRDA:89,6,1,0
BRDA:89,6,2,0
BRDA:93,7,0,0
BRDA:93,7,1,0
BRDA:104,8,0,0
BRDA:104,8,1,0
BRDA:104,9,0,0
BRDA:104,9,1,0
BRDA:121,10,0,0
BRDA:121,10,1,0
BRDA:128,11,0,0
BRDA:128,11,1,0
BRDA:137,12,0,0
BRDA:137,12,1,0
BRDA:137,13,0,0
BRDA:137,13,1,0
BRDA:139,14,0,0
BRDA:139,14,1,0
BRDA:144,15,0,0
BRDA:144,15,1,0
BRDA:155,16,0,0
BRDA:155,16,1,0
BRDA:162,17,0,0
BRDA:162,17,1,0
BRDA:166,18,0,0
BRDA:166,18,1,0
BRDA:172,19,0,0
BRDA:172,19,1,0
BRDA:173,20,0,0
BRDA:173,20,1,0
BRDA:173,21,0,0
BRDA:173,21,1,0
BRDA:181,22,0,0
BRDA:181,22,1,0
BRDA:184,23,0,0
BRDA:184,23,1,0
BRDA:189,24,0,0
BRDA:189,24,1,0
BRDA:191,25,0,0
BRDA:191,25,1,0
BRDA:191,26,0,0
BRDA:191,26,1,0
BRDA:194,27,0,0
BRDA:194,27,1,0
BRF:56
BRH:0
end_of_record
TN:
SF:src/components/image-workspace.js
FN:14,constructor
FN:19,(anonymous_1)
FN:26,(anonymous_2)
FN:31,(anonymous_3)
FN:32,(anonymous_4)
FN:51,initDOM
FN:150,bindEvents
FN:162,(anonymous_7)
FN:164,(anonymous_8)
FN:171,(anonymous_9)
FN:176,(anonymous_10)
FN:195,(anonymous_11)
FN:196,(anonymous_12)
FN:199,(anonymous_13)
FN:208,(anonymous_14)
FN:217,(anonymous_15)
FN:229,(anonymous_16)
FN:237,(anonymous_17)
FN:243,(anonymous_18)
FN:250,(anonymous_19)
FN:261,(anonymous_20)
FN:269,(anonymous_21)
FN:278,(anonymous_22)
FN:289,(anonymous_23)
FN:296,(anonymous_24)
FN:297,(anonymous_25)
FN:298,(anonymous_26)
FN:301,(anonymous_27)
FN:307,(anonymous_28)
FN:311,(anonymous_29)
FN:318,(anonymous_30)
FN:327,(anonymous_31)
FN:343,(anonymous_32)
FN:355,updateLayoutToggleUI
FN:362,loadCurrentFolder
FN:368,(anonymous_35)
FN:374,_loadFolderMRU
FN:383,(anonymous_37)
FN:387,resetZoom
FN:389,(anonymous_39)
FN:395,loadFiles
FN:413,(anonymous_41)
FN:424,setFiles
FN:432,triggerProcess
FN:485,renderCurrentState
FN:559,(anonymous_45)
FN:568,(anonymous_46)
FN:569,(anonymous_47)
FN:570,(anonymous_48)
FN:571,(anonymous_49)
FN:572,(anonymous_50)
FN:573,(anonymous_51)
FN:577,renderCarousel
FN:595,(anonymous_53)
FN:597,(anonymous_54)
FN:598,(anonymous_55)
FN:602,(anonymous_56)
FN:605,(anonymous_57)
FN:606,(anonymous_58)
FN:611,(anonymous_59)
FN:616,(anonymous_60)
FN:619,(anonymous_61)
FN:633,(anonymous_62)
FN:636,(anonymous_63)
FNF:64
FNH:0
FNDA:0,constructor
FNDA:0,(anonymous_1)
FNDA:0,(anonymous_2)
FNDA:0,(anonymous_3)
FNDA:0,(anonymous_4)
FNDA:0,initDOM
FNDA:0,bindEvents
FNDA:0,(anonymous_7)
FNDA:0,(anonymous_8)
FNDA:0,(anonymous_9)
FNDA:0,(anonymous_10)
FNDA:0,(anonymous_11)
FNDA:0,(anonymous_12)
FNDA:0,(anonymous_13)
FNDA:0,(anonymous_14)
FNDA:0,(anonymous_15)
FNDA:0,(anonymous_16)
FNDA:0,(anonymous_17)
FNDA:0,(anonymous_18)
FNDA:0,(anonymous_19)
FNDA:0,(anonymous_20)
FNDA:0,(anonymous_21)
FNDA:0,(anonymous_22)
FNDA:0,(anonymous_23)
FNDA:0,(anonymous_24)
FNDA:0,(anonymous_25)
FNDA:0,(anonymous_26)
FNDA:0,(anonymous_27)
FNDA:0,(anonymous_28)
FNDA:0,(anonymous_29)
FNDA:0,(anonymous_30)
FNDA:0,(anonymous_31)
FNDA:0,(anonymous_32)
FNDA:0,updateLayoutToggleUI
FNDA:0,loadCurrentFolder
FNDA:0,(anonymous_35)
FNDA:0,_loadFolderMRU
FNDA:0,(anonymous_37)
FNDA:0,resetZoom
FNDA:0,(anonymous_39)
FNDA:0,loadFiles
FNDA:0,(anonymous_41)
FNDA:0,setFiles
FNDA:0,triggerProcess
FNDA:0,renderCurrentState
FNDA:0,(anonymous_45)
FNDA:0,(anonymous_46)
FNDA:0,(anonymous_47)
FNDA:0,(anonymous_48)
FNDA:0,(anonymous_49)
FNDA:0,(anonymous_50)
FNDA:0,(anonymous_51)
FNDA:0,renderCarousel
FNDA:0,(anonymous_53)
FNDA:0,(anonymous_54)
FNDA:0,(anonymous_55)
FNDA:0,(anonymous_56)
FNDA:0,(anonymous_57)
FNDA:0,(anonymous_58)
FNDA:0,(anonymous_59)
FNDA:0,(anonymous_60)
FNDA:0,(anonymous_61)
FNDA:0,(anonymous_62)
FNDA:0,(anonymous_63)
DA:15,0
DA:16,0
DA:19,0
DA:27,0
DA:28,0
DA:35,0
DA:36,0
DA:37,0
DA:38,0
DA:39,0
DA:40,0
DA:41,0
DA:43,0
DA:44,0
DA:46,0
DA:47,0
DA:52,0
DA:144,0
DA:145,0
DA:146,0
DA:147,0
DA:152,0
DA:155,0
DA:156,0
DA:157,0
DA:158,0
DA:159,0
DA:160,0
DA:162,0
DA:163,0
DA:164,0
DA:165,0
DA:166,0
DA:167,0
DA:171,0
DA:172,0
DA:173,0
DA:176,0
DA:177,0
DA:178,0
DA:179,0
DA:181,0
DA:182,0
DA:183,0
DA:185,0
DA:186,0
DA:187,0
DA:189,0
DA:190,0
DA:192,0
DA:195,0
DA:196,0
DA:197,0
DA:199,0
DA:200,0
DA:201,0
DA:202,0
DA:203,0
DA:204,0
DA:205,0
DA:208,0
DA:209,0
DA:210,0
DA:211,0
DA:212,0
DA:213,0
DA:214,0
DA:217,0
DA:218,0
DA:219,0
DA:220,0
DA:222,0
DA:223,0
DA:224,0
DA:226,0
DA:229,0
DA:230,0
DA:231,0
DA:232,0
DA:237,0
DA:239,0
DA:240,0
DA:242,0
DA:243,0
DA:245,0
DA:250,0
DA:251,0
DA:252,0
DA:257,0
DA:258,0
DA:261,0
DA:262,0
DA:263,0
DA:264,0
DA:265,0
DA:266,0
DA:269,0
DA:270,0
DA:271,0
DA:272,0
DA:273,0
DA:274,0
DA:275,0
DA:276,0
DA:278,0
DA:279,0
DA:280,0
DA:281,0
DA:282,0
DA:283,0
DA:284,0
DA:285,0
DA:289,0
DA:290,0
DA:291,0
DA:296,0
DA:297,0
DA:298,0
DA:299,0
DA:300,0
DA:301,0
DA:302,0
DA:303,0
DA:307,0
DA:308,0
DA:311,0
DA:312,0
DA:313,0
DA:314,0
DA:315,0
DA:316,0
DA:317,0
DA:318,0
DA:319,0
DA:320,0
DA:321,0
DA:323,0
DA:327,0
DA:328,0
DA:329,0
DA:330,0
DA:331,0
DA:332,0
DA:333,0
DA:334,0
DA:335,0
DA:336,0
DA:337,0
DA:338,0
DA:340,0
DA:341,0
DA:342,0
DA:343,0
DA:344,0
DA:345,0
DA:346,0
DA:348,0
DA:352,0
DA:356,0
DA:357,0
DA:358,0
DA:359,0
DA:363,0
DA:364,0
DA:365,0
DA:366,0
DA:367,0
DA:368,0
DA:369,0
DA:370,0
DA:375,0
DA:376,0
DA:377,0
DA:378,0
DA:379,0
DA:380,0
DA:381,0
DA:382,0
DA:383,0
DA:388,0
DA:389,0
DA:390,0
DA:391,0
DA:396,0
DA:398,0
DA:399,0
DA:400,0
DA:405,0
DA:406,0
DA:407,0
DA:408,0
DA:409,0
DA:412,0
DA:413,0
DA:414,0
DA:416,0
DA:419,0
DA:420,0
DA:421,0
DA:425,0
DA:426,0
DA:427,0
DA:428,0
DA:429,0
DA:433,0
DA:434,0
DA:437,0
DA:438,0
DA:439,0
DA:441,0
DA:442,0
DA:446,0
DA:447,0
DA:450,0
DA:451,0
DA:452,0
DA:458,0
DA:459,0
DA:460,0
DA:463,0
DA:465,0
DA:466,0
DA:469,0
DA:471,0
DA:473,0
DA:476,0
DA:477,0
DA:478,0
DA:480,0
DA:481,0
DA:486,0
DA:487,0
DA:489,0
DA:491,0
DA:497,0
DA:498,0
DA:507,0
DA:510,0
DA:511,0
DA:531,0
DA:554,0
DA:555,0
DA:556,0
DA:557,0
DA:559,0
DA:560,0
DA:561,0
DA:562,0
DA:563,0
DA:564,0
DA:565,0
DA:568,0
DA:569,0
DA:570,0
DA:571,0
DA:572,0
DA:573,0
DA:578,0
DA:579,0
DA:580,0
DA:582,0
DA:583,0
DA:585,0
DA:586,0
DA:587,0
DA:588,0
DA:589,0
DA:591,0
DA:592,0
DA:593,0
DA:594,0
DA:595,0
DA:597,0
DA:598,0
DA:599,0
DA:600,0
DA:601,0
DA:602,0
DA:603,0
DA:604,0
DA:605,0
DA:606,0
DA:611,0
DA:614,0
DA:615,0
DA:616,0
DA:619,0
DA:620,0
DA:621,0
DA:622,0
DA:623,0
DA:626,0
DA:627,0
DA:628,0
DA:629,0
DA:630,0
DA:631,0
DA:633,0
DA:634,0
DA:635,0
DA:636,0
DA:637,0
DA:638,0
DA:641,0
LF:304
LH:0
BRDA:14,0,0,0
BRDA:38,1,0,0
BRDA:38,1,1,0
BRDA:46,2,0,0
BRDA:46,2,1,0
BRDA:46,3,0,0
BRDA:46,3,1,0
BRDA:47,4,0,0
BRDA:47,4,1,0
BRDA:70,5,0,0
BRDA:70,5,1,0
BRDA:73,6,0,0
BRDA:73,6,1,0
BRDA:73,7,0,0
BRDA:73,7,1,0
BRDA:76,8,0,0
BRDA:76,8,1,0
BRDA:76,9,0,0
BRDA:76,9,1,0
BRDA:84,10,0,0
BRDA:84,10,1,0
BRDA:91,11,0,0
BRDA:91,11,1,0
BRDA:162,12,0,0
BRDA:166,13,0,0
BRDA:166,13,1,0
BRDA:176,14,0,0
BRDA:178,15,0,0
BRDA:178,15,1,0
BRDA:179,16,0,0
BRDA:179,16,1,0
BRDA:204,17,0,0
BRDA:204,17,1,0
BRDA:209,18,0,0
BRDA:209,18,1,0
BRDA:210,19,0,0
BRDA:210,19,1,0
BRDA:218,20,0,0
BRDA:218,20,1,0
BRDA:230,21,0,0
BRDA:230,21,1,0
BRDA:239,22,0,0
BRDA:239,22,1,0
BRDA:240,23,0,0
BRDA:240,23,1,0
BRDA:251,24,0,0
BRDA:251,24,1,0
BRDA:257,25,0,0
BRDA:257,25,1,0
BRDA:290,26,0,0
BRDA:290,26,1,0
BRDA:290,27,0,0
BRDA:290,27,1,0
BRDA:301,28,0,0
BRDA:301,28,1,0
BRDA:302,29,0,0
BRDA:302,29,1,0
BRDA:308,30,0,0
BRDA:308,30,1,0
BRDA:319,31,0,0
BRDA:319,31,1,0
BRDA:323,32,0,0
BRDA:323,32,1,0
BRDA:329,33,0,0
BRDA:329,33,1,0
BRDA:336,34,0,0
BRDA:336,34,1,0
BRDA:337,35,0,0
BRDA:337,35,1,0
BRDA:338,36,0,0
BRDA:338,36,1,0
BRDA:344,37,0,0
BRDA:344,37,1,0
BRDA:357,38,0,0
BRDA:357,38,1,0
BRDA:358,39,0,0
BRDA:358,39,1,0
BRDA:362,40,0,0
BRDA:366,41,0,0
BRDA:366,41,1,0
BRDA:376,42,0,0
BRDA:376,42,1,0
BRDA:380,43,0,0
BRDA:380,43,1,0
BRDA:396,44,0,0
BRDA:396,44,1,0
BRDA:398,45,0,0
BRDA:398,45,1,0
BRDA:406,46,0,0
BRDA:406,46,1,0
BRDA:412,47,0,0
BRDA:412,47,1,0
BRDA:414,48,0,0
BRDA:414,48,1,0
BRDA:424,49,0,0
BRDA:425,50,0,0
BRDA:425,50,1,0
BRDA:426,51,0,0
BRDA:426,51,1,0
BRDA:433,52,0,0
BRDA:433,52,1,0
BRDA:437,53,0,0
BRDA:437,53,1,0
BRDA:438,54,0,0
BRDA:438,54,1,0
BRDA:441,55,0,0
BRDA:441,55,1,0
BRDA:450,56,0,0
BRDA:450,56,1,0
BRDA:451,57,0,0
BRDA:451,57,1,0
BRDA:458,58,0,0
BRDA:458,58,1,0
BRDA:463,59,0,0
BRDA:463,59,1,0
BRDA:465,60,0,0
BRDA:465,60,1,0
BRDA:466,61,0,0
BRDA:466,61,1,0
BRDA:469,62,0,0
BRDA:469,62,1,0
BRDA:469,63,0,0
BRDA:469,63,1,0
BRDA:486,64,0,0
BRDA:486,64,1,0
BRDA:489,65,0,0
BRDA:489,65,1,0
BRDA:491,66,0,0
BRDA:491,66,1,0
BRDA:497,67,0,0
BRDA:497,67,1,0
BRDA:503,68,0,0
BRDA:503,68,1,0
BRDA:510,69,0,0
BRDA:510,69,1,0
BRDA:515,70,0,0
BRDA:515,70,1,0
BRDA:523,71,0,0
BRDA:523,71,1,0
BRDA:545,72,0,0
BRDA:545,72,1,0
BRDA:549,73,0,0
BRDA:549,73,1,0
BRDA:569,74,0,0
BRDA:569,74,1,0
BRDA:572,75,0,0
BRDA:572,75,1,0
BRDA:578,76,0,0
BRDA:578,76,1,0
BRDA:578,77,0,0
BRDA:578,77,1,0
BRDA:589,78,0,0
BRDA:589,78,1,0
BRDA:591,79,0,0
BRDA:591,79,1,0
BRDA:592,80,0,0
BRDA:592,80,1,0
BRDA:592,81,0,0
BRDA:592,81,1,0
BRDA:599,82,0,0
BRDA:599,82,1,0
BRDA:603,83,0,0
BRDA:603,83,1,0
BRDA:603,84,0,0
BRDA:603,84,1,0
BRDA:620,85,0,0
BRDA:620,85,1,0
BRDA:626,86,0,0
BRDA:626,86,1,0
BRDA:628,87,0,0
BRDA:628,87,1,0
BRF:171
BRH:0
end_of_record
TN:
SF:src/components/lightbox.js
FN:10,constructor
FN:93,bindEvents
FN:94,(anonymous_2)
FN:98,(anonymous_3)
FN:101,(anonymous_4)
FN:105,(anonymous_5)
FN:131,navigate
FN:144,show
FN:191,(anonymous_8)
FN:196,(anonymous_9)
FN:209,(anonymous_10)
FN:245,(anonymous_11)
FN:246,(anonymous_12)
FN:252,(anonymous_13)
FN:253,(anonymous_14)
FN:255,(anonymous_15)
FN:256,(anonymous_16)
FN:308,(anonymous_17)
FN:368,hide
FN:382,initZoomPan
FN:399,(anonymous_20)
FN:408,(anonymous_21)
FN:419,(anonymous_22)
FN:430,(anonymous_23)
FN:432,(anonymous_24)
FN:450,(anonymous_25)
FN:455,(anonymous_26)
FN:465,(anonymous_27)
FN:472,(anonymous_28)
FN:482,(anonymous_29)
FN:498,(anonymous_30)
FN:499,(anonymous_31)
FN:502,(anonymous_32)
FN:509,(anonymous_33)
FN:530,(anonymous_34)
FN:534,(anonymous_35)
FN:546,(anonymous_36)
FNF:37
FNH:0
FNDA:0,constructor
FNDA:0,bindEvents
FNDA:0,(anonymous_2)
FNDA:0,(anonymous_3)
FNDA:0,(anonymous_4)
FNDA:0,(anonymous_5)
FNDA:0,navigate
FNDA:0,show
FNDA:0,(anonymous_8)
FNDA:0,(anonymous_9)
FNDA:0,(anonymous_10)
FNDA:0,(anonymous_11)
FNDA:0,(anonymous_12)
FNDA:0,(anonymous_13)
FNDA:0,(anonymous_14)
FNDA:0,(anonymous_15)
FNDA:0,(anonymous_16)
FNDA:0,(anonymous_17)
FNDA:0,hide
FNDA:0,initZoomPan
FNDA:0,(anonymous_20)
FNDA:0,(anonymous_21)
FNDA:0,(anonymous_22)
FNDA:0,(anonymous_23)
FNDA:0,(anonymous_24)
FNDA:0,(anonymous_25)
FNDA:0,(anonymous_26)
FNDA:0,(anonymous_27)
FNDA:0,(anonymous_28)
FNDA:0,(anonymous_29)
FNDA:0,(anonymous_30)
FNDA:0,(anonymous_31)
FNDA:0,(anonymous_32)
FNDA:0,(anonymous_33)
FNDA:0,(anonymous_34)
FNDA:0,(anonymous_35)
FNDA:0,(anonymous_36)
DA:11,0
DA:12,0
DA:13,0
DA:14,0
DA:75,0
DA:77,0
DA:78,0
DA:79,0
DA:80,0
DA:81,0
DA:82,0
DA:83,0
DA:84,0
DA:86,0
DA:88,0
DA:89,0
DA:90,0
DA:94,0
DA:95,0
DA:96,0
DA:98,0
DA:99,0
DA:101,0
DA:102,0
DA:105,0
DA:106,0
DA:107,0
DA:109,0
DA:110,0
DA:111,0
DA:112,0
DA:113,0
DA:115,0
DA:116,0
DA:118,0
DA:119,0
DA:121,0
DA:122,0
DA:124,0
DA:125,0
DA:132,0
DA:133,0
DA:134,0
DA:135,0
DA:136,0
DA:145,0
DA:146,0
DA:147,0
DA:148,0
DA:151,0
DA:152,0
DA:153,0
DA:154,0
DA:156,0
DA:157,0
DA:159,0
DA:160,0
DA:162,0
DA:163,0
DA:164,0
DA:165,0
DA:166,0
DA:167,0
DA:169,0
DA:170,0
DA:173,0
DA:174,0
DA:191,0
DA:192,0
DA:193,0
DA:194,0
DA:196,0
DA:197,0
DA:198,0
DA:199,0
DA:201,0
DA:202,0
DA:203,0
DA:204,0
DA:205,0
DA:206,0
DA:207,0
DA:209,0
DA:210,0
DA:221,0
DA:222,0
DA:223,0
DA:224,0
DA:225,0
DA:227,0
DA:230,0
DA:231,0
DA:233,0
DA:234,0
DA:235,0
DA:236,0
DA:242,0
DA:245,0
DA:246,0
DA:247,0
DA:248,0
DA:252,0
DA:253,0
DA:255,0
DA:256,0
DA:260,0
DA:262,0
DA:263,0
DA:269,0
DA:270,0
DA:275,0
DA:276,0
DA:277,0
DA:278,0
DA:280,0
DA:281,0
DA:282,0
DA:283,0
DA:285,0
DA:286,0
DA:287,0
DA:288,0
DA:289,0
DA:290,0
DA:292,0
DA:293,0
DA:294,0
DA:295,0
DA:298,0
DA:306,0
DA:307,0
DA:308,0
DA:309,0
DA:310,0
DA:314,0
DA:316,0
DA:330,0
DA:333,0
DA:334,0
DA:335,0
DA:353,0
DA:354,0
DA:356,0
DA:360,0
DA:361,0
DA:362,0
DA:364,0
DA:369,0
DA:370,0
DA:371,0
DA:372,0
DA:374,0
DA:375,0
DA:376,0
DA:377,0
DA:378,0
DA:383,0
DA:384,0
DA:385,0
DA:386,0
DA:387,0
DA:388,0
DA:390,0
DA:391,0
DA:392,0
DA:393,0
DA:394,0
DA:395,0
DA:397,0
DA:399,0
DA:400,0
DA:401,0
DA:402,0
DA:403,0
DA:404,0
DA:408,0
DA:409,0
DA:410,0
DA:411,0
DA:412,0
DA:413,0
DA:414,0
DA:415,0
DA:416,0
DA:419,0
DA:420,0
DA:421,0
DA:422,0
DA:423,0
DA:424,0
DA:425,0
DA:426,0
DA:427,0
DA:430,0
DA:432,0
DA:433,0
DA:434,0
DA:435,0
DA:437,0
DA:438,0
DA:440,0
DA:441,0
DA:443,0
DA:444,0
DA:445,0
DA:447,0
DA:450,0
DA:451,0
DA:452,0
DA:455,0
DA:456,0
DA:457,0
DA:458,0
DA:459,0
DA:460,0
DA:461,0
DA:462,0
DA:465,0
DA:466,0
DA:467,0
DA:468,0
DA:469,0
DA:472,0
DA:473,0
DA:474,0
DA:475,0
DA:479,0
DA:480,0
DA:482,0
DA:483,0
DA:484,0
DA:485,0
DA:486,0
DA:487,0
DA:488,0
DA:489,0
DA:490,0
DA:491,0
DA:492,0
DA:494,0
DA:498,0
DA:499,0
DA:501,0
DA:502,0
DA:503,0
DA:504,0
DA:508,0
DA:509,0
DA:510,0
DA:511,0
DA:512,0
DA:513,0
DA:514,0
DA:515,0
DA:516,0
DA:518,0
DA:519,0
DA:520,0
DA:521,0
DA:522,0
DA:523,0
DA:524,0
DA:525,0
DA:530,0
DA:531,0
DA:534,0
DA:535,0
DA:536,0
DA:537,0
DA:538,0
DA:539,0
DA:540,0
DA:541,0
DA:542,0
DA:543,0
DA:546,0
DA:547,0
DA:548,0
DA:554,0
LF:279
LH:0
BRDA:106,0,0,0
BRDA:106,0,1,0
BRDA:107,1,0,0
BRDA:107,1,1,0
BRDA:109,2,0,0
BRDA:109,2,1,0
BRDA:110,3,0,0
BRDA:110,3,1,0
BRDA:110,4,0,0
BRDA:110,4,1,0
BRDA:111,5,0,0
BRDA:111,5,1,0
BRDA:112,6,0,0
BRDA:112,6,1,0
BRDA:113,7,0,0
BRDA:113,7,1,0
BRDA:115,8,0,0
BRDA:115,8,1,0
BRDA:116,9,0,0
BRDA:116,9,1,0
BRDA:118,10,0,0
BRDA:118,10,1,0
BRDA:119,11,0,0
BRDA:119,11,1,0
BRDA:121,12,0,0
BRDA:121,12,1,0
BRDA:121,13,0,0
BRDA:121,13,1,0
BRDA:122,14,0,0
BRDA:122,14,1,0
BRDA:122,15,0,0
BRDA:122,15,1,0
BRDA:124,16,0,0
BRDA:124,16,1,0
BRDA:125,17,0,0
BRDA:125,17,1,0
BRDA:132,18,0,0
BRDA:132,18,1,0
BRDA:134,19,0,0
BRDA:134,19,1,0
BRDA:135,20,0,0
BRDA:135,20,1,0
BRDA:144,21,0,0
BRDA:145,22,0,0
BRDA:145,22,1,0
BRDA:154,23,0,0
BRDA:154,23,1,0
BRDA:159,24,0,0
BRDA:159,24,1,0
BRDA:169,25,0,0
BRDA:169,25,1,0
BRDA:173,26,0,0
BRDA:173,26,1,0
BRDA:197,27,0,0
BRDA:197,27,1,0
BRDA:198,28,0,0
BRDA:198,28,1,0
BRDA:199,29,0,0
BRDA:199,29,1,0
BRDA:199,30,0,0
BRDA:199,30,1,0
BRDA:201,31,0,0
BRDA:201,31,1,0
BRDA:201,32,0,0
BRDA:201,32,1,0
BRDA:203,33,0,0
BRDA:203,33,1,0
BRDA:204,34,0,0
BRDA:204,34,1,0
BRDA:206,35,0,0
BRDA:206,35,1,0
BRDA:207,36,0,0
BRDA:207,36,1,0
BRDA:207,37,0,0
BRDA:207,37,1,0
BRDA:209,38,0,0
BRDA:209,38,1,0
BRDA:214,39,0,0
BRDA:214,39,1,0
BRDA:217,40,0,0
BRDA:217,40,1,0
BRDA:223,41,0,0
BRDA:223,41,1,0
BRDA:224,42,0,0
BRDA:224,42,1,0
BRDA:225,43,0,0
BRDA:225,43,1,0
BRDA:227,44,0,0
BRDA:227,44,1,0
BRDA:227,45,0,0
BRDA:227,45,1,0
BRDA:233,46,0,0
BRDA:233,46,1,0
BRDA:262,47,0,0
BRDA:262,47,1,0
BRDA:269,48,0,0
BRDA:269,48,1,0
BRDA:269,49,0,0
BRDA:269,49,1,0
BRDA:276,50,0,0
BRDA:276,50,1,0
BRDA:280,51,0,0
BRDA:280,51,1,0
BRDA:285,52,0,0
BRDA:285,52,1,0
BRDA:288,53,0,0
BRDA:288,53,1,0
BRDA:290,54,0,0
BRDA:290,54,1,0
BRDA:292,55,0,0
BRDA:292,55,1,0
BRDA:295,56,0,0
BRDA:295,56,1,0
BRDA:309,57,0,0
BRDA:309,57,1,0
BRDA:312,58,0,0
BRDA:312,58,1,0
BRDA:312,59,0,0
BRDA:312,59,1,0
BRDA:324,60,0,0
BRDA:324,60,1,0
BRDA:360,61,0,0
BRDA:360,61,1,0
BRDA:369,62,0,0
BRDA:369,62,1,0
BRDA:376,63,0,0
BRDA:376,63,1,0
BRDA:399,64,0,0
BRDA:400,65,0,0
BRDA:400,65,1,0
BRDA:402,66,0,0
BRDA:402,66,1,0
BRDA:403,67,0,0
BRDA:403,67,1,0
BRDA:409,68,0,0
BRDA:409,68,1,0
BRDA:420,69,0,0
BRDA:420,69,1,0
BRDA:437,70,0,0
BRDA:437,70,1,0
BRDA:456,71,0,0
BRDA:456,71,1,0
BRDA:466,72,0,0
BRDA:466,72,1,0
BRDA:473,73,0,0
BRDA:473,73,1,0
BRDA:483,74,0,0
BRDA:483,74,1,0
BRDA:498,75,0,0
BRDA:498,75,1,0
BRDA:499,76,0,0
BRDA:499,76,1,0
BRDA:501,77,0,0
BRDA:501,77,1,0
BRDA:508,78,0,0
BRDA:508,78,1,0
BRDA:512,79,0,0
BRDA:512,79,1,0
BRDA:515,80,0,0
BRDA:515,80,1,0
BRDA:531,81,0,0
BRDA:531,81,1,0
BRDA:535,82,0,0
BRDA:535,82,1,0
BRDA:536,83,0,0
BRDA:536,83,1,0
BRDA:537,84,0,0
BRDA:537,84,1,0
BRDA:538,85,0,0
BRDA:538,85,1,0
BRDA:539,86,0,0
BRDA:539,86,1,0
BRDA:540,87,0,0
BRDA:540,87,1,0
BRDA:541,88,0,0
BRDA:541,88,1,0
BRDA:542,89,0,0
BRDA:542,89,1,0
BRDA:543,90,0,0
BRDA:543,90,1,0
BRF:180
BRH:0
end_of_record
TN:
SF:src/components/media-browser.js
FN:3,getFileType
FN:14,escHtml
FN:16,(anonymous_2)
FN:21,formatBytes
FN:29,constructor
FN:35,(anonymous_5)
FN:36,(anonymous_6)
FN:63,initDOM
FN:176,getCounts
FN:178,(anonymous_9)
FN:188,renderHeader
FN:233,(anonymous_11)
FN:238,(anonymous_12)
FN:239,(anonymous_13)
FN:245,(anonymous_14)
FN:246,(anonymous_15)
FN:249,(anonymous_16)
FN:254,(anonymous_17)
FN:255,(anonymous_18)
FN:256,(anonymous_19)
FN:257,(anonymous_20)
FN:273,(anonymous_21)
FN:295,(anonymous_22)
FN:296,(anonymous_23)
FN:297,(anonymous_24)
FN:298,(anonymous_25)
FN:307,(anonymous_26)
FN:308,(anonymous_27)
FN:312,(anonymous_28)
FN:319,(anonymous_29)
FN:326,(anonymous_30)
FN:333,(anonymous_31)
FN:345,(anonymous_32)
FN:350,setEntries
FN:358,setMode
FN:364,selectAll
FN:366,(anonymous_36)
FN:373,deselectAll
FN:379,applyFilters
FN:380,(anonymous_39)
FN:395,(anonymous_40)
FN:420,clearBlobUrls
FN:421,(anonymous_42)
FN:425,render
FN:441,renderCompare
FN:450,(anonymous_45)
FN:467,(anonymous_46)
FN:497,(anonymous_47)
FN:499,(anonymous_48)
FN:516,getTooltipText
FN:529,bindTooltip
FN:530,(anonymous_51)
FN:541,(anonymous_52)
FN:550,(anonymous_53)
FN:560,(anonymous_54)
FN:567,_createThumbnailHtml
FN:592,renderGrid
FN:629,(anonymous_57)
FN:640,(anonymous_58)
FN:650,renderList
FN:705,(anonymous_60)
FN:717,renderFilmstrip
FN:726,(anonymous_62)
FN:751,(anonymous_63)
FN:762,(anonymous_64)
FN:764,(anonymous_65)
FN:786,(anonymous_66)
FN:788,(anonymous_67)
FN:804,_handleItemClick
FN:835,_syncSelectionUI
FN:852,(anonymous_70)
FN:873,(anonymous_71)
FN:889,_updateFilmstripViewer
FN:893,(anonymous_73)
FN:919,bindCellEvents
FN:920,(anonymous_75)
FN:922,(anonymous_76)
FN:933,handleKeyDown
FNF:78
FNH:0
FNDA:0,getFileType
FNDA:0,escHtml
FNDA:0,(anonymous_2)
FNDA:0,formatBytes
FNDA:0,constructor
FNDA:0,(anonymous_5)
FNDA:0,(anonymous_6)
FNDA:0,initDOM
FNDA:0,getCounts
FNDA:0,(anonymous_9)
FNDA:0,renderHeader
FNDA:0,(anonymous_11)
FNDA:0,(anonymous_12)
FNDA:0,(anonymous_13)
FNDA:0,(anonymous_14)
FNDA:0,(anonymous_15)
FNDA:0,(anonymous_16)
FNDA:0,(anonymous_17)
FNDA:0,(anonymous_18)
FNDA:0,(anonymous_19)
FNDA:0,(anonymous_20)
FNDA:0,(anonymous_21)
FNDA:0,(anonymous_22)
FNDA:0,(anonymous_23)
FNDA:0,(anonymous_24)
FNDA:0,(anonymous_25)
FNDA:0,(anonymous_26)
FNDA:0,(anonymous_27)
FNDA:0,(anonymous_28)
FNDA:0,(anonymous_29)
FNDA:0,(anonymous_30)
FNDA:0,(anonymous_31)
FNDA:0,(anonymous_32)
FNDA:0,setEntries
FNDA:0,setMode
FNDA:0,selectAll
FNDA:0,(anonymous_36)
FNDA:0,deselectAll
FNDA:0,applyFilters
FNDA:0,(anonymous_39)
FNDA:0,(anonymous_40)
FNDA:0,clearBlobUrls
FNDA:0,(anonymous_42)
FNDA:0,render
FNDA:0,renderCompare
FNDA:0,(anonymous_45)
FNDA:0,(anonymous_46)
FNDA:0,(anonymous_47)
FNDA:0,(anonymous_48)
FNDA:0,getTooltipText
FNDA:0,bindTooltip
FNDA:0,(anonymous_51)
FNDA:0,(anonymous_52)
FNDA:0,(anonymous_53)
FNDA:0,(anonymous_54)
FNDA:0,_createThumbnailHtml
FNDA:0,renderGrid
FNDA:0,(anonymous_57)
FNDA:0,(anonymous_58)
FNDA:0,renderList
FNDA:0,(anonymous_60)
FNDA:0,renderFilmstrip
FNDA:0,(anonymous_62)
FNDA:0,(anonymous_63)
FNDA:0,(anonymous_64)
FNDA:0,(anonymous_65)
FNDA:0,(anonymous_66)
FNDA:0,(anonymous_67)
FNDA:0,_handleItemClick
FNDA:0,_syncSelectionUI
FNDA:0,(anonymous_70)
FNDA:0,(anonymous_71)
FNDA:0,_updateFilmstripViewer
FNDA:0,(anonymous_73)
FNDA:0,bindCellEvents
FNDA:0,(anonymous_75)
FNDA:0,(anonymous_76)
FNDA:0,handleKeyDown
DA:4,0
DA:5,0
DA:6,0
DA:7,0
DA:8,0
DA:9,0
DA:10,0
DA:11,0
DA:15,0
DA:16,0
DA:22,0
DA:23,0
DA:24,0
DA:25,0
DA:30,0
DA:31,0
DA:46,0
DA:47,0
DA:48,0
DA:50,0
DA:51,0
DA:52,0
DA:53,0
DA:54,0
DA:56,0
DA:57,0
DA:59,0
DA:60,0
DA:64,0
DA:165,0
DA:166,0
DA:168,0
DA:169,0
DA:170,0
DA:172,0
DA:173,0
DA:177,0
DA:178,0
DA:179,0
DA:180,0
DA:181,0
DA:182,0
DA:183,0
DA:185,0
DA:189,0
DA:190,0
DA:192,0
DA:193,0
DA:233,0
DA:234,0
DA:235,0
DA:238,0
DA:239,0
DA:240,0
DA:241,0
DA:245,0
DA:246,0
DA:249,0
DA:250,0
DA:251,0
DA:254,0
DA:255,0
DA:256,0
DA:257,0
DA:261,0
DA:262,0
DA:263,0
DA:265,0
DA:266,0
DA:267,0
DA:270,0
DA:272,0
DA:273,0
DA:274,0
DA:275,0
DA:279,0
DA:280,0
DA:282,0
DA:283,0
DA:291,0
DA:292,0
DA:293,0
DA:295,0
DA:296,0
DA:297,0
DA:298,0
DA:299,0
DA:300,0
DA:304,0
DA:305,0
DA:306,0
DA:307,0
DA:308,0
DA:309,0
DA:310,0
DA:312,0
DA:313,0
DA:314,0
DA:315,0
DA:316,0
DA:319,0
DA:323,0
DA:324,0
DA:326,0
DA:327,0
DA:330,0
DA:331,0
DA:333,0
DA:334,0
DA:335,0
DA:336,0
DA:338,0
DA:339,0
DA:341,0
DA:345,0
DA:346,0
DA:351,0
DA:352,0
DA:353,0
DA:354,0
DA:355,0
DA:359,0
DA:360,0
DA:361,0
DA:365,0
DA:366,0
DA:367,0
DA:369,0
DA:370,0
DA:374,0
DA:375,0
DA:376,0
DA:380,0
DA:381,0
DA:382,0
DA:383,0
DA:384,0
DA:385,0
DA:386,0
DA:387,0
DA:389,0
DA:391,0
DA:395,0
DA:396,0
DA:397,0
DA:398,0
DA:399,0
DA:401,0
DA:402,0
DA:403,0
DA:404,0
DA:405,0
DA:406,0
DA:407,0
DA:408,0
DA:410,0
DA:413,0
DA:414,0
DA:417,0
DA:421,0
DA:422,0
DA:426,0
DA:427,0
DA:428,0
DA:430,0
DA:431,0
DA:432,0
DA:435,0
DA:436,0
DA:437,0
DA:438,0
DA:442,0
DA:443,0
DA:445,0
DA:446,0
DA:448,0
DA:449,0
DA:450,0
DA:451,0
DA:454,0
DA:455,0
DA:456,0
DA:457,0
DA:458,0
DA:461,0
DA:462,0
DA:467,0
DA:474,0
DA:475,0
DA:478,0
DA:479,0
DA:481,0
DA:482,0
DA:483,0
DA:484,0
DA:486,0
DA:487,0
DA:488,0
DA:489,0
DA:495,0
DA:497,0
DA:499,0
DA:500,0
DA:501,0
DA:502,0
DA:503,0
DA:505,0
DA:506,0
DA:509,0
DA:512,0
DA:513,0
DA:517,0
DA:518,0
DA:519,0
DA:520,0
DA:521,0
DA:523,0
DA:524,0
DA:526,0
DA:530,0
DA:531,0
DA:532,0
DA:533,0
DA:535,0
DA:536,0
DA:537,0
DA:538,0
DA:539,0
DA:540,0
DA:541,0
DA:542,0
DA:543,0
DA:545,0
DA:547,0
DA:549,0
DA:550,0
DA:551,0
DA:552,0
DA:554,0
DA:556,0
DA:560,0
DA:561,0
DA:562,0
DA:563,0
DA:568,0
DA:569,0
DA:570,0
DA:573,0
DA:574,0
DA:576,0
DA:577,0
DA:579,0
DA:580,0
DA:584,0
DA:585,0
DA:586,0
DA:587,0
DA:589,0
DA:593,0
DA:594,0
DA:595,0
DA:597,0
DA:599,0
DA:600,0
DA:601,0
DA:602,0
DA:604,0
DA:605,0
DA:606,0
DA:608,0
DA:609,0
DA:610,0
DA:611,0
DA:613,0
DA:617,0
DA:624,0
DA:625,0
DA:627,0
DA:628,0
DA:629,0
DA:630,0
DA:631,0
DA:635,0
DA:638,0
DA:640,0
DA:641,0
DA:642,0
DA:643,0
DA:644,0
DA:645,0
DA:646,0
DA:651,0
DA:652,0
DA:653,0
DA:655,0
DA:665,0
DA:667,0
DA:668,0
DA:669,0
DA:670,0
DA:672,0
DA:673,0
DA:674,0
DA:676,0
DA:677,0
DA:678,0
DA:679,0
DA:681,0
DA:683,0
DA:684,0
DA:687,0
DA:700,0
DA:701,0
DA:703,0
DA:704,0
DA:705,0
DA:706,0
DA:707,0
DA:711,0
DA:714,0
DA:718,0
DA:719,0
DA:721,0
DA:722,0
DA:724,0
DA:725,0
DA:726,0
DA:727,0
DA:730,0
DA:731,0
DA:732,0
DA:733,0
DA:734,0
DA:737,0
DA:738,0
DA:739,0
DA:740,0
DA:741,0
DA:742,0
DA:743,0
DA:745,0
DA:750,0
DA:751,0
DA:752,0
DA:753,0
DA:754,0
DA:758,0
DA:761,0
DA:762,0
DA:764,0
DA:765,0
DA:768,0
DA:770,0
DA:771,0
DA:772,0
DA:774,0
DA:775,0
DA:776,0
DA:777,0
DA:783,0
DA:786,0
DA:788,0
DA:789,0
DA:790,0
DA:791,0
DA:792,0
DA:794,0
DA:795,0
DA:798,0
DA:801,0
DA:805,0
DA:807,0
DA:808,0
DA:809,0
DA:810,0
DA:811,0
DA:812,0
DA:814,0
DA:815,0
DA:816,0
DA:817,0
DA:819,0
DA:820,0
DA:823,0
DA:824,0
DA:826,0
DA:827,0
DA:828,0
DA:832,0
DA:836,0
DA:837,0
DA:839,0
DA:840,0
DA:841,0
DA:842,0
DA:843,0
DA:844,0
DA:847,0
DA:848,0
DA:849,0
DA:850,0
DA:851,0
DA:852,0
DA:854,0
DA:855,0
DA:859,0
DA:860,0
DA:861,0
DA:862,0
DA:863,0
DA:864,0
DA:865,0
DA:872,0
DA:873,0
DA:874,0
DA:875,0
DA:876,0
DA:877,0
DA:878,0
DA:879,0
DA:881,0
DA:886,0
DA:890,0
DA:891,0
DA:892,0
DA:893,0
DA:896,0
DA:898,0
DA:899,0
DA:901,0
DA:902,0
DA:903,0
DA:904,0
DA:905,0
DA:908,0
DA:909,0
DA:910,0
DA:911,0
DA:912,0
DA:913,0
DA:914,0
DA:916,0
DA:920,0
DA:922,0
DA:923,0
DA:924,0
DA:925,0
DA:926,0
DA:928,0
DA:929,0
DA:934,0
DA:935,0
DA:937,0
DA:938,0
DA:939,0
DA:940,0
DA:941,0
DA:942,0
DA:946,0
DA:948,0
DA:949,0
DA:950,0
DA:951,0
DA:952,0
DA:954,0
DA:955,0
DA:957,0
DA:958,0
DA:961,0
DA:962,0
DA:963,0
DA:965,0
DA:966,0
DA:967,0
DA:968,0
DA:969,0
DA:972,0
DA:975,0
DA:979,0
DA:980,0
DA:981,0
DA:982,0
DA:983,0
DA:984,0
LF:484
LH:0
BRDA:3,0,0,0
BRDA:4,1,0,0
BRDA:4,1,1,0
BRDA:6,2,0,0
BRDA:6,2,1,0
BRDA:7,3,0,0
BRDA:7,3,1,0
BRDA:8,4,0,0
BRDA:8,4,1,0
BRDA:9,5,0,0
BRDA:9,5,1,0
BRDA:10,6,0,0
BRDA:10,6,1,0
BRDA:15,7,0,0
BRDA:15,7,1,0
BRDA:21,8,0,0
BRDA:22,9,0,0
BRDA:22,9,1,0
BRDA:23,10,0,0
BRDA:23,10,1,0
BRDA:29,11,0,0
BRDA:179,12,0,0
BRDA:179,12,1,0
BRDA:181,13,0,0
BRDA:181,13,1,0
BRDA:190,14,0,0
BRDA:190,14,1,0
BRDA:192,15,0,0
BRDA:192,15,1,0
BRDA:202,16,0,0
BRDA:202,16,1,0
BRDA:203,17,0,0
BRDA:203,17,1,0
BRDA:227,18,0,0
BRDA:227,18,1,0
BRDA:262,19,0,0
BRDA:262,19,1,0
BRDA:265,20,0,0
BRDA:265,20,1,0
BRDA:266,21,0,0
BRDA:266,21,1,0
BRDA:270,22,0,0
BRDA:270,22,1,0
BRDA:272,23,0,0
BRDA:272,23,1,0
BRDA:272,24,0,0
BRDA:272,24,1,0
BRDA:282,25,0,0
BRDA:282,25,1,0
BRDA:282,26,0,0
BRDA:282,26,1,0
BRDA:292,27,0,0
BRDA:292,27,1,0
BRDA:300,28,0,0
BRDA:300,28,1,0
BRDA:306,29,0,0
BRDA:306,29,1,0
BRDA:306,30,0,0
BRDA:306,30,1,0
BRDA:307,31,0,0
BRDA:307,31,1,0
BRDA:314,32,0,0
BRDA:314,32,1,0
BRDA:324,33,0,0
BRDA:324,33,1,0
BRDA:324,34,0,0
BRDA:324,34,1,0
BRDA:331,35,0,0
BRDA:331,35,1,0
BRDA:336,36,0,0
BRDA:336,36,1,0
BRDA:338,37,0,0
BRDA:338,37,1,0
BRDA:338,38,0,0
BRDA:338,38,1,0
BRDA:338,38,2,0
BRDA:367,39,0,0
BRDA:367,39,1,0
BRDA:381,40,0,0
BRDA:381,40,1,0
BRDA:382,41,0,0
BRDA:382,41,1,0
BRDA:382,42,0,0
BRDA:382,42,1,0
BRDA:383,43,0,0
BRDA:383,43,1,0
BRDA:384,44,0,0
BRDA:384,44,1,0
BRDA:385,45,0,0
BRDA:385,45,1,0
BRDA:387,46,0,0
BRDA:387,46,1,0
BRDA:396,47,0,0
BRDA:396,47,1,0
BRDA:397,48,0,0
BRDA:397,48,1,0
BRDA:398,49,0,0
BRDA:398,49,1,0
BRDA:398,50,0,0
BRDA:398,50,1,0
BRDA:399,51,0,0
BRDA:399,51,1,0
BRDA:399,52,0,0
BRDA:399,52,1,0
BRDA:401,53,0,0
BRDA:401,53,1,0
BRDA:404,54,0,0
BRDA:404,54,1,0
BRDA:405,55,0,0
BRDA:405,55,1,0
BRDA:406,56,0,0
BRDA:406,56,1,0
BRDA:407,57,0,0
BRDA:407,57,1,0
BRDA:408,58,0,0
BRDA:408,58,1,0
BRDA:413,59,0,0
BRDA:413,59,1,0
BRDA:430,60,0,0
BRDA:430,60,1,0
BRDA:435,61,0,0
BRDA:435,61,1,0
BRDA:436,62,0,0
BRDA:436,62,1,0
BRDA:437,63,0,0
BRDA:437,63,1,0
BRDA:449,64,0,0
BRDA:449,64,1,0
BRDA:451,65,0,0
BRDA:451,65,1,0
BRDA:465,66,0,0
BRDA:465,66,1,0
BRDA:466,67,0,0
BRDA:466,67,1,0
BRDA:467,68,0,0
BRDA:467,68,1,0
BRDA:471,69,0,0
BRDA:471,69,1,0
BRDA:474,70,0,0
BRDA:474,70,1,0
BRDA:474,71,0,0
BRDA:474,71,1,0
BRDA:474,71,2,0
BRDA:487,72,0,0
BRDA:487,72,1,0
BRDA:490,73,0,0
BRDA:490,73,1,0
BRDA:501,74,0,0
BRDA:501,74,1,0
BRDA:517,75,0,0
BRDA:517,75,1,0
BRDA:517,76,0,0
BRDA:517,76,1,0
BRDA:519,77,0,0
BRDA:519,77,1,0
BRDA:523,78,0,0
BRDA:523,78,1,0
BRDA:523,79,0,0
BRDA:523,79,1,0
BRDA:536,80,0,0
BRDA:536,80,1,0
BRDA:536,81,0,0
BRDA:536,81,1,0
BRDA:536,81,2,0
BRDA:536,81,3,0
BRDA:539,82,0,0
BRDA:539,82,1,0
BRDA:542,83,0,0
BRDA:542,83,1,0
BRDA:551,84,0,0
BRDA:551,84,1,0
BRDA:561,85,0,0
BRDA:561,85,1,0
BRDA:568,86,0,0
BRDA:568,86,1,0
BRDA:568,87,0,0
BRDA:568,87,1,0
BRDA:569,88,0,0
BRDA:569,88,1,0
BRDA:573,89,0,0
BRDA:573,89,1,0
BRDA:574,90,0,0
BRDA:574,90,1,0
BRDA:576,91,0,0
BRDA:576,91,1,0
BRDA:577,92,0,0
BRDA:577,92,1,0
BRDA:579,93,0,0
BRDA:579,93,1,0
BRDA:580,94,0,0
BRDA:580,94,1,0
BRDA:584,95,0,0
BRDA:584,95,1,0
BRDA:585,96,0,0
BRDA:585,96,1,0
BRDA:586,97,0,0
BRDA:586,97,1,0
BRDA:587,98,0,0
BRDA:587,98,1,0
BRDA:602,99,0,0
BRDA:602,99,1,0
BRDA:602,100,0,0
BRDA:602,100,1,0
BRDA:602,100,2,0
BRDA:605,101,0,0
BRDA:605,101,1,0
BRDA:605,102,0,0
BRDA:605,102,1,0
BRDA:609,103,0,0
BRDA:609,103,1,0
BRDA:609,104,0,0
BRDA:609,104,1,0
BRDA:609,104,2,0
BRDA:610,105,0,0
BRDA:610,105,1,0
BRDA:618,106,0,0
BRDA:618,106,1,0
BRDA:618,107,0,0
BRDA:618,107,1,0
BRDA:620,108,0,0
BRDA:620,108,1,0
BRDA:621,109,0,0
BRDA:621,109,1,0
BRDA:628,110,0,0
BRDA:628,110,1,0
BRDA:641,111,0,0
BRDA:641,111,1,0
BRDA:641,112,0,0
BRDA:641,112,1,0
BRDA:645,113,0,0
BRDA:645,113,1,0
BRDA:656,114,0,0
BRDA:656,114,1,0
BRDA:661,115,0,0
BRDA:661,115,1,0
BRDA:670,116,0,0
BRDA:670,116,1,0
BRDA:670,117,0,0
BRDA:670,117,1,0
BRDA:670,117,2,0
BRDA:673,118,0,0
BRDA:673,118,1,0
BRDA:673,119,0,0
BRDA:673,119,1,0
BRDA:673,120,0,0
BRDA:673,120,1,0
BRDA:677,121,0,0
BRDA:677,121,1,0
BRDA:677,122,0,0
BRDA:677,122,1,0
BRDA:677,122,2,0
BRDA:678,123,0,0
BRDA:678,123,1,0
BRDA:683,124,0,0
BRDA:683,124,1,0
BRDA:689,125,0,0
BRDA:689,125,1,0
BRDA:689,126,0,0
BRDA:689,126,1,0
BRDA:694,127,0,0
BRDA:694,127,1,0
BRDA:695,128,0,0
BRDA:695,128,1,0
BRDA:696,129,0,0
BRDA:696,129,1,0
BRDA:696,130,0,0
BRDA:696,130,1,0
BRDA:704,131,0,0
BRDA:704,131,1,0
BRDA:725,132,0,0
BRDA:725,132,1,0
BRDA:727,133,0,0
BRDA:727,133,1,0
BRDA:732,134,0,0
BRDA:732,134,1,0
BRDA:738,135,0,0
BRDA:738,135,1,0
BRDA:738,136,0,0
BRDA:738,136,1,0
BRDA:739,137,0,0
BRDA:739,137,1,0
BRDA:741,138,0,0
BRDA:741,138,1,0
BRDA:742,139,0,0
BRDA:742,139,1,0
BRDA:752,140,0,0
BRDA:752,140,1,0
BRDA:753,141,0,0
BRDA:753,141,1,0
BRDA:761,142,0,0
BRDA:761,142,1,0
BRDA:775,143,0,0
BRDA:775,143,1,0
BRDA:778,144,0,0
BRDA:778,144,1,0
BRDA:778,145,0,0
BRDA:778,145,1,0
BRDA:790,146,0,0
BRDA:790,146,1,0
BRDA:805,147,0,0
BRDA:805,147,1,0
BRDA:807,148,0,0
BRDA:807,148,1,0
BRDA:807,149,0,0
BRDA:807,149,1,0
BRDA:810,150,0,0
BRDA:810,150,1,0
BRDA:810,151,0,0
BRDA:810,151,1,0
BRDA:815,152,0,0
BRDA:815,152,1,0
BRDA:815,153,0,0
BRDA:815,153,1,0
BRDA:816,154,0,0
BRDA:816,154,1,0
BRDA:823,155,0,0
BRDA:823,155,1,0
BRDA:823,156,0,0
BRDA:823,156,1,0
BRDA:837,157,0,0
BRDA:837,157,1,0
BRDA:837,158,0,0
BRDA:837,158,1,0
BRDA:839,159,0,0
BRDA:839,159,1,0
BRDA:839,160,0,0
BRDA:839,160,1,0
BRDA:841,161,0,0
BRDA:841,161,1,0
BRDA:847,162,0,0
BRDA:847,162,1,0
BRDA:849,163,0,0
BRDA:849,163,1,0
BRDA:849,164,0,0
BRDA:849,164,1,0
BRDA:851,165,0,0
BRDA:851,165,1,0
BRDA:851,166,0,0
BRDA:851,166,1,0
BRDA:851,166,2,0
BRDA:854,167,0,0
BRDA:854,167,1,0
BRDA:854,168,0,0
BRDA:854,168,1,0
BRDA:854,168,2,0
BRDA:860,169,0,0
BRDA:860,169,1,0
BRDA:863,170,0,0
BRDA:863,170,1,0
BRDA:864,171,0,0
BRDA:864,171,1,0
BRDA:864,172,0,0
BRDA:864,172,1,0
BRDA:876,173,0,0
BRDA:876,173,1,0
BRDA:877,174,0,0
BRDA:877,174,1,0
BRDA:878,175,0,0
BRDA:878,175,1,0
BRDA:890,176,0,0
BRDA:890,176,1,0
BRDA:891,177,0,0
BRDA:891,177,1,0
BRDA:892,178,0,0
BRDA:892,178,1,0
BRDA:892,179,0,0
BRDA:892,179,1,0
BRDA:893,180,0,0
BRDA:893,180,1,0
BRDA:899,181,0,0
BRDA:899,181,1,0
BRDA:903,182,0,0
BRDA:903,182,1,0
BRDA:909,183,0,0
BRDA:909,183,1,0
BRDA:909,184,0,0
BRDA:909,184,1,0
BRDA:910,185,0,0
BRDA:910,185,1,0
BRDA:912,186,0,0
BRDA:912,186,1,0
BRDA:913,187,0,0
BRDA:913,187,1,0
BRDA:924,188,0,0
BRDA:924,188,1,0
BRDA:934,189,0,0
BRDA:934,189,1,0
BRDA:935,190,0,0
BRDA:935,190,1,0
BRDA:938,191,0,0
BRDA:938,191,1,0
BRDA:940,192,0,0
BRDA:940,192,1,0
BRDA:942,193,0,0
BRDA:942,193,1,0
BRDA:948,194,0,0
BRDA:948,194,1,0
BRDA:948,194,2,0
BRDA:948,194,3,0
BRDA:948,194,4,0
BRDA:948,194,5,0
BRDA:954,195,0,0
BRDA:954,195,1,0
BRDA:965,196,0,0
BRDA:965,196,1,0
BRDA:965,197,0,0
BRDA:965,197,1,0
BRDA:965,197,2,0
BRDA:968,198,0,0
BRDA:968,198,1,0
BRDA:975,199,0,0
BRDA:975,199,1,0
BRDA:979,200,0,0
BRDA:979,200,1,0
BRDA:982,201,0,0
BRDA:982,201,1,0
BRDA:983,202,0,0
BRDA:983,202,1,0
BRDA:983,203,0,0
BRDA:983,203,1,0
BRF:420
BRH:0
end_of_record
TN:
SF:src/components/metadata-panel.js
FN:42,injectStyles
FN:437,_e
FN:440,_fmtDate
FN:447,_fmtDateTime
FN:466,constructor
FN:494,setDirHandle
FN:496,setFile
FN:514,(anonymous_7)
FN:519,clear
FN:533,show
FN:534,hide
FN:535,toggle
FN:536,isVisible
FN:537,collapse
FN:538,expand
FN:539,isCollapsed
FN:543,_mount
FN:579,(anonymous_17)
FN:582,(anonymous_18)
FN:585,(anonymous_19)
FN:590,_renderBody
FN:604,(anonymous_21)
FN:622,(anonymous_22)
FN:652,(anonymous_23)
FN:664,(anonymous_24)
FN:737,_populateAnalysisSection
FN:760,(anonymous_26)
FN:768,(anonymous_27)
FN:798,(anonymous_28)
FN:809,(anonymous_29)
FN:821,(anonymous_30)
FN:822,(anonymous_31)
FN:823,(anonymous_32)
FN:824,(anonymous_33)
FN:825,(anonymous_34)
FN:826,(anonymous_35)
FN:827,(anonymous_36)
FN:828,(anonymous_37)
FN:829,(anonymous_38)
FN:830,(anonymous_39)
FN:834,(anonymous_40)
FN:852,_subsec
FN:867,(anonymous_42)
FN:873,_kv
FN:883,_bulletList
FN:885,(anonymous_45)
FN:890,_buildColorPalette
FN:898,(anonymous_47)
FN:906,(anonymous_48)
FN:928,_buildAITags
FN:935,(anonymous_50)
FN:943,(anonymous_51)
FN:955,_buildScene
FN:978,_buildSubjects
FN:988,(anonymous_54)
FN:1017,_buildCompositionLighting
FN:1059,_buildIdentifiedLocation
FN:1102,_buildArchitecture
FN:1119,(anonymous_58)
FN:1143,_buildGenPrompts
FN:1147,(anonymous_60)
FN:1165,(anonymous_61)
FN:1172,(anonymous_62)
FN:1173,(anonymous_63)
FN:1176,(anonymous_64)
FN:1191,(anonymous_65)
FN:1215,_buildDAM
FN:1235,_buildComputed
FN:1238,(anonymous_68)
FN:1246,_describeWithAI
FN:1268,(anonymous_70)
FN:1333,_renderProcessingLog
FN:1343,(anonymous_72)
FN:1354,_loadExifSection
FN:1381,(anonymous_74)
FN:1408,_bindBodyEvents
FN:1410,(anonymous_76)
FN:1411,(anonymous_77)
FN:1418,(anonymous_78)
FN:1419,(anonymous_79)
FN:1423,(anonymous_80)
FN:1430,(anonymous_81)
FN:1431,(anonymous_82)
FN:1435,(anonymous_83)
FN:1443,(anonymous_84)
FN:1444,(anonymous_85)
FN:1447,(anonymous_86)
FN:1458,(anonymous_87)
FN:1463,(anonymous_88)
FN:1464,(anonymous_89)
FN:1471,(anonymous_90)
FN:1472,(anonymous_91)
FN:1477,(anonymous_92)
FN:1478,(anonymous_93)
FN:1479,(anonymous_94)
FN:1483,(anonymous_95)
FN:1500,(anonymous_96)
FN:1509,_bindChipInput
FN:1514,(anonymous_98)
FN:1518,(anonymous_99)
FN:1525,(anonymous_100)
FN:1534,(anonymous_101)
FN:1535,(anonymous_102)
FN:1543,(anonymous_103)
FN:1556,(anonymous_104)
FN:1558,(anonymous_105)
FN:1560,(anonymous_106)
FN:1560,(anonymous_107)
FN:1565,_promoteAITag
FN:1575,(anonymous_109)
FN:1576,(anonymous_110)
FN:1584,_showTagSug
FN:1587,(anonymous_112)
FN:1591,(anonymous_113)
FN:1595,(anonymous_114)
FN:1603,_hideTagSug
FN:1607,_save
FN:1628,(anonymous_117)
FN:1644,(anonymous_118)
FN:1670,(anonymous_119)
FN:1685,_writeExifBack
FN:1713,_normalizeAIResponse
FN:1743,(anonymous_122)
FN:1766,(anonymous_123)
FN:1783,(anonymous_124)
FN:1789,(anonymous_125)
FN:1789,(anonymous_126)
FN:1825,(anonymous_127)
FN:1829,(anonymous_128)
FN:1850,(anonymous_129)
FN:1866,(anonymous_130)
FN:1880,(anonymous_131)
FN:1904,_mergeUnique
FN:1906,(anonymous_133)
FN:1911,_ab2b64
FN:1916,_b642ab
FNF:136
FNH:0
FNDA:0,injectStyles
FNDA:0,_e
FNDA:0,_fmtDate
FNDA:0,_fmtDateTime
FNDA:0,constructor
FNDA:0,setDirHandle
FNDA:0,setFile
FNDA:0,(anonymous_7)
FNDA:0,clear
FNDA:0,show
FNDA:0,hide
FNDA:0,toggle
FNDA:0,isVisible
FNDA:0,collapse
FNDA:0,expand
FNDA:0,isCollapsed
FNDA:0,_mount
FNDA:0,(anonymous_17)
FNDA:0,(anonymous_18)
FNDA:0,(anonymous_19)
FNDA:0,_renderBody
FNDA:0,(anonymous_21)
FNDA:0,(anonymous_22)
FNDA:0,(anonymous_23)
FNDA:0,(anonymous_24)
FNDA:0,_populateAnalysisSection
FNDA:0,(anonymous_26)
FNDA:0,(anonymous_27)
FNDA:0,(anonymous_28)
FNDA:0,(anonymous_29)
FNDA:0,(anonymous_30)
FNDA:0,(anonymous_31)
FNDA:0,(anonymous_32)
FNDA:0,(anonymous_33)
FNDA:0,(anonymous_34)
FNDA:0,(anonymous_35)
FNDA:0,(anonymous_36)
FNDA:0,(anonymous_37)
FNDA:0,(anonymous_38)
FNDA:0,(anonymous_39)
FNDA:0,(anonymous_40)
FNDA:0,_subsec
FNDA:0,(anonymous_42)
FNDA:0,_kv
FNDA:0,_bulletList
FNDA:0,(anonymous_45)
FNDA:0,_buildColorPalette
FNDA:0,(anonymous_47)
FNDA:0,(anonymous_48)
FNDA:0,_buildAITags
FNDA:0,(anonymous_50)
FNDA:0,(anonymous_51)
FNDA:0,_buildScene
FNDA:0,_buildSubjects
FNDA:0,(anonymous_54)
FNDA:0,_buildCompositionLighting
FNDA:0,_buildIdentifiedLocation
FNDA:0,_buildArchitecture
FNDA:0,(anonymous_58)
FNDA:0,_buildGenPrompts
FNDA:0,(anonymous_60)
FNDA:0,(anonymous_61)
FNDA:0,(anonymous_62)
FNDA:0,(anonymous_63)
FNDA:0,(anonymous_64)
FNDA:0,(anonymous_65)
FNDA:0,_buildDAM
FNDA:0,_buildComputed
FNDA:0,(anonymous_68)
FNDA:0,_describeWithAI
FNDA:0,(anonymous_70)
FNDA:0,_renderProcessingLog
FNDA:0,(anonymous_72)
FNDA:0,_loadExifSection
FNDA:0,(anonymous_74)
FNDA:0,_bindBodyEvents
FNDA:0,(anonymous_76)
FNDA:0,(anonymous_77)
FNDA:0,(anonymous_78)
FNDA:0,(anonymous_79)
FNDA:0,(anonymous_80)
FNDA:0,(anonymous_81)
FNDA:0,(anonymous_82)
FNDA:0,(anonymous_83)
FNDA:0,(anonymous_84)
FNDA:0,(anonymous_85)
FNDA:0,(anonymous_86)
FNDA:0,(anonymous_87)
FNDA:0,(anonymous_88)
FNDA:0,(anonymous_89)
FNDA:0,(anonymous_90)
FNDA:0,(anonymous_91)
FNDA:0,(anonymous_92)
FNDA:0,(anonymous_93)
FNDA:0,(anonymous_94)
FNDA:0,(anonymous_95)
FNDA:0,(anonymous_96)
FNDA:0,_bindChipInput
FNDA:0,(anonymous_98)
FNDA:0,(anonymous_99)
FNDA:0,(anonymous_100)
FNDA:0,(anonymous_101)
FNDA:0,(anonymous_102)
FNDA:0,(anonymous_103)
FNDA:0,(anonymous_104)
FNDA:0,(anonymous_105)
FNDA:0,(anonymous_106)
FNDA:0,(anonymous_107)
FNDA:0,_promoteAITag
FNDA:0,(anonymous_109)
FNDA:0,(anonymous_110)
FNDA:0,_showTagSug
FNDA:0,(anonymous_112)
FNDA:0,(anonymous_113)
FNDA:0,(anonymous_114)
FNDA:0,_hideTagSug
FNDA:0,_save
FNDA:0,(anonymous_117)
FNDA:0,(anonymous_118)
FNDA:0,(anonymous_119)
FNDA:0,_writeExifBack
FNDA:0,_normalizeAIResponse
FNDA:0,(anonymous_122)
FNDA:0,(anonymous_123)
FNDA:0,(anonymous_124)
FNDA:0,(anonymous_125)
FNDA:0,(anonymous_126)
FNDA:0,(anonymous_127)
FNDA:0,(anonymous_128)
FNDA:0,(anonymous_129)
FNDA:0,(anonymous_130)
FNDA:0,(anonymous_131)
FNDA:0,_mergeUnique
FNDA:0,(anonymous_133)
FNDA:0,_ab2b64
FNDA:0,_b642ab
DA:41,0
DA:43,0
DA:44,0
DA:45,0
DA:46,0
DA:432,0
DA:438,0
DA:441,0
DA:442,0
DA:443,0
DA:444,0
DA:445,0
DA:448,0
DA:449,0
DA:450,0
DA:451,0
DA:452,0
DA:470,0
DA:471,0
DA:472,0
DA:473,0
DA:474,0
DA:476,0
DA:477,0
DA:478,0
DA:479,0
DA:480,0
DA:481,0
DA:483,0
DA:484,0
DA:485,0
DA:486,0
DA:488,0
DA:489,0
DA:494,0
DA:497,0
DA:498,0
DA:499,0
DA:501,0
DA:502,0
DA:503,0
DA:504,0
DA:505,0
DA:506,0
DA:507,0
DA:508,0
DA:509,0
DA:511,0
DA:512,0
DA:514,0
DA:516,0
DA:520,0
DA:521,0
DA:522,0
DA:523,0
DA:524,0
DA:529,0
DA:530,0
DA:533,0
DA:534,0
DA:535,0
DA:536,0
DA:537,0
DA:538,0
DA:539,0
DA:544,0
DA:545,0
DA:549,0
DA:576,0
DA:577,0
DA:579,0
DA:580,0
DA:582,0
DA:583,0
DA:585,0
DA:591,0
DA:592,0
DA:593,0
DA:595,0
DA:596,0
DA:597,0
DA:598,0
DA:599,0
DA:600,0
DA:601,0
DA:604,0
DA:605,0
DA:606,0
DA:610,0
DA:613,0
DA:622,0
DA:652,0
DA:664,0
DA:728,0
DA:730,0
DA:731,0
DA:732,0
DA:738,0
DA:739,0
DA:742,0
DA:743,0
DA:744,0
DA:745,0
DA:746,0
DA:747,0
DA:748,0
DA:749,0
DA:750,0
DA:755,0
DA:756,0
DA:757,0
DA:758,0
DA:759,0
DA:760,0
DA:766,0
DA:767,0
DA:768,0
DA:771,0
DA:772,0
DA:774,0
DA:775,0
DA:777,0
DA:778,0
DA:787,0
DA:788,0
DA:796,0
DA:797,0
DA:798,0
DA:799,0
DA:800,0
DA:805,0
DA:806,0
DA:809,0
DA:810,0
DA:814,0
DA:815,0
DA:818,0
DA:820,0
DA:821,0
DA:822,0
DA:823,0
DA:824,0
DA:825,0
DA:826,0
DA:827,0
DA:828,0
DA:829,0
DA:830,0
DA:833,0
DA:834,0
DA:835,0
DA:836,0
DA:837,0
DA:841,0
DA:842,0
DA:843,0
DA:845,0
DA:846,0
DA:853,0
DA:854,0
DA:855,0
DA:862,0
DA:863,0
DA:864,0
DA:865,0
DA:866,0
DA:867,0
DA:868,0
DA:870,0
DA:874,0
DA:875,0
DA:878,0
DA:884,0
DA:885,0
DA:891,0
DA:892,0
DA:893,0
DA:898,0
DA:899,0
DA:900,0
DA:901,0
DA:902,0
DA:903,0
DA:904,0
DA:905,0
DA:906,0
DA:908,0
DA:909,0
DA:910,0
DA:911,0
DA:912,0
DA:913,0
DA:916,0
DA:919,0
DA:921,0
DA:922,0
DA:924,0
DA:925,0
DA:929,0
DA:930,0
DA:931,0
DA:933,0
DA:934,0
DA:935,0
DA:936,0
DA:937,0
DA:938,0
DA:939,0
DA:940,0
DA:942,0
DA:943,0
DA:944,0
DA:945,0
DA:946,0
DA:947,0
DA:949,0
DA:951,0
DA:952,0
DA:956,0
DA:957,0
DA:958,0
DA:968,0
DA:969,0
DA:970,0
DA:971,0
DA:972,0
DA:973,0
DA:975,0
DA:979,0
DA:980,0
DA:981,0
DA:988,0
DA:989,0
DA:990,0
DA:991,0
DA:992,0
DA:1010,0
DA:1013,0
DA:1014,0
DA:1018,0
DA:1019,0
DA:1020,0
DA:1021,0
DA:1022,0
DA:1023,0
DA:1024,0
DA:1039,0
DA:1040,0
DA:1041,0
DA:1042,0
DA:1043,0
DA:1044,0
DA:1056,0
DA:1060,0
DA:1061,0
DA:1062,0
DA:1063,0
DA:1064,0
DA:1065,0
DA:1066,0
DA:1067,0
DA:1068,0
DA:1069,0
DA:1070,0
DA:1071,0
DA:1074,0
DA:1082,0
DA:1083,0
DA:1088,0
DA:1089,0
DA:1093,0
DA:1094,0
DA:1099,0
DA:1103,0
DA:1104,0
DA:1105,0
DA:1114,0
DA:1115,0
DA:1116,0
DA:1117,0
DA:1118,0
DA:1119,0
DA:1120,0
DA:1121,0
DA:1122,0
DA:1123,0
DA:1124,0
DA:1125,0
DA:1126,0
DA:1128,0
DA:1132,0
DA:1133,0
DA:1134,0
DA:1135,0
DA:1136,0
DA:1137,0
DA:1140,0
DA:1144,0
DA:1145,0
DA:1147,0
DA:1148,0
DA:1149,0
DA:1150,0
DA:1151,0
DA:1152,0
DA:1160,0
DA:1161,0
DA:1162,0
DA:1163,0
DA:1164,0
DA:1165,0
DA:1166,0
DA:1167,0
DA:1170,0
DA:1172,0
DA:1173,0
DA:1174,0
DA:1175,0
DA:1176,0
DA:1178,0
DA:1181,0
DA:1182,0
DA:1183,0
DA:1185,0
DA:1186,0
DA:1187,0
DA:1188,0
DA:1189,0
DA:1190,0
DA:1191,0
DA:1192,0
DA:1193,0
DA:1199,0
DA:1200,0
DA:1201,0
DA:1202,0
DA:1203,0
DA:1204,0
DA:1205,0
DA:1206,0
DA:1207,0
DA:1212,0
DA:1216,0
DA:1217,0
DA:1218,0
DA:1225,0
DA:1226,0
DA:1227,0
DA:1228,0
DA:1229,0
DA:1230,0
DA:1232,0
DA:1236,0
DA:1237,0
DA:1238,0
DA:1239,0
DA:1241,0
DA:1247,0
DA:1249,0
DA:1250,0
DA:1251,0
DA:1252,0
DA:1255,0
DA:1256,0
DA:1257,0
DA:1259,0
DA:1261,0
DA:1262,0
DA:1263,0
DA:1265,0
DA:1267,0
DA:1268,0
DA:1269,0
DA:1272,0
DA:1275,0
DA:1278,0
DA:1279,0
DA:1282,0
DA:1305,0
DA:1306,0
DA:1307,0
DA:1310,0
DA:1312,0
DA:1313,0
DA:1314,0
DA:1317,0
DA:1320,0
DA:1321,0
DA:1323,0
DA:1326,0
DA:1327,0
DA:1328,0
DA:1329,0
DA:1334,0
DA:1335,0
DA:1343,0
DA:1355,0
DA:1356,0
DA:1357,0
DA:1358,0
DA:1359,0
DA:1361,0
DA:1362,0
DA:1363,0
DA:1364,0
DA:1367,0
DA:1368,0
DA:1369,0
DA:1370,0
DA:1376,0
DA:1377,0
DA:1378,0
DA:1379,0
DA:1380,0
DA:1381,0
DA:1382,0
DA:1384,0
DA:1387,0
DA:1388,0
DA:1389,0
DA:1390,0
DA:1391,0
DA:1393,0
DA:1394,0
DA:1399,0
DA:1402,0
DA:1410,0
DA:1411,0
DA:1412,0
DA:1417,0
DA:1418,0
DA:1419,0
DA:1420,0
DA:1421,0
DA:1422,0
DA:1423,0
DA:1424,0
DA:1430,0
DA:1431,0
DA:1432,0
DA:1433,0
DA:1434,0
DA:1435,0
DA:1436,0
DA:1438,0
DA:1443,0
DA:1444,0
DA:1445,0
DA:1446,0
DA:1447,0
DA:1448,0
DA:1450,0
DA:1453,0
DA:1458,0
DA:1461,0
DA:1463,0
DA:1464,0
DA:1469,0
DA:1471,0
DA:1472,0
DA:1477,0
DA:1478,0
DA:1479,0
DA:1483,0
DA:1484,0
DA:1485,0
DA:1486,0
DA:1487,0
DA:1488,0
DA:1489,0
DA:1490,0
DA:1491,0
DA:1492,0
DA:1493,0
DA:1494,0
DA:1495,0
DA:1496,0
DA:1497,0
DA:1498,0
DA:1500,0
DA:1501,0
DA:1502,0
DA:1510,0
DA:1511,0
DA:1512,0
DA:1514,0
DA:1515,0
DA:1516,0
DA:1517,0
DA:1518,0
DA:1519,0
DA:1520,0
DA:1522,0
DA:1525,0
DA:1526,0
DA:1527,0
DA:1528,0
DA:1529,0
DA:1530,0
DA:1531,0
DA:1532,0
DA:1533,0
DA:1534,0
DA:1535,0
DA:1536,0
DA:1538,0
DA:1539,0
DA:1540,0
DA:1543,0
DA:1544,0
DA:1545,0
DA:1546,0
DA:1548,0
DA:1549,0
DA:1550,0
DA:1551,0
DA:1555,0
DA:1556,0
DA:1557,0
DA:1558,0
DA:1560,0
DA:1566,0
DA:1567,0
DA:1568,0
DA:1569,0
DA:1570,0
DA:1571,0
DA:1572,0
DA:1573,0
DA:1574,0
DA:1575,0
DA:1576,0
DA:1577,0
DA:1578,0
DA:1580,0
DA:1581,0
DA:1585,0
DA:1586,0
DA:1587,0
DA:1588,0
DA:1589,0
DA:1590,0
DA:1591,0
DA:1592,0
DA:1593,0
DA:1594,0
DA:1595,0
DA:1596,0
DA:1598,0
DA:1599,0
DA:1600,0
DA:1601,0
DA:1603,0
DA:1608,0
DA:1609,0
DA:1610,0
DA:1611,0
DA:1612,0
DA:1614,0
DA:1617,0
DA:1628,0
DA:1629,0
DA:1632,0
DA:1633,0
DA:1635,0
DA:1639,0
DA:1640,0
DA:1641,0
DA:1644,0
DA:1645,0
DA:1658,0
DA:1663,0
DA:1664,0
DA:1667,0
DA:1668,0
DA:1669,0
DA:1670,0
DA:1671,0
DA:1673,0
DA:1674,0
DA:1675,0
DA:1676,0
DA:1678,0
DA:1680,0
DA:1681,0
DA:1686,0
DA:1687,0
DA:1688,0
DA:1689,0
DA:1690,0
DA:1691,0
DA:1692,0
DA:1693,0
DA:1694,0
DA:1695,0
DA:1696,0
DA:1697,0
DA:1698,0
DA:1699,0
DA:1714,0
DA:1717,0
DA:1718,0
DA:1726,0
DA:1729,0
DA:1730,0
DA:1731,0
DA:1743,0
DA:1747,0
DA:1750,0
DA:1751,0
DA:1752,0
DA:1766,0
DA:1770,0
DA:1771,0
DA:1772,0
DA:1783,0
DA:1787,0
DA:1788,0
DA:1789,0
DA:1790,0
DA:1792,0
DA:1800,0
DA:1803,0
DA:1806,0
DA:1807,0
DA:1808,0
DA:1809,0
DA:1814,0
DA:1815,0
DA:1824,0
DA:1825,0
DA:1829,0
DA:1833,0
DA:1834,0
DA:1835,0
DA:1850,0
DA:1854,0
DA:1855,0
DA:1856,0
DA:1866,0
DA:1870,0
DA:1871,0
DA:1872,0
DA:1880,0
DA:1884,0
DA:1885,0
DA:1886,0
DA:1887,0
DA:1888,0
DA:1889,0
DA:1890,0
DA:1891,0
DA:1892,0
DA:1893,0
DA:1894,0
DA:1895,0
DA:1896,0
DA:1899,0
DA:1901,0
DA:1905,0
DA:1906,0
DA:1907,0
DA:1912,0
DA:1913,0
DA:1914,0
DA:1917,0
DA:1918,0
DA:1919,0
LF:668
LH:0
BRDA:43,0,0,0
BRDA:43,0,1,0
BRDA:438,1,0,0
BRDA:438,1,1,0
BRDA:441,2,0,0
BRDA:441,2,1,0
BRDA:443,3,0,0
BRDA:443,3,1,0
BRDA:448,4,0,0
BRDA:448,4,1,0
BRDA:450,5,0,0
BRDA:450,5,1,0
BRDA:466,6,0,0
BRDA:467,7,0,0
BRDA:467,8,0,0
BRDA:468,9,0,0
BRDA:468,10,0,0
BRDA:497,11,0,0
BRDA:497,11,1,0
BRDA:501,12,0,0
BRDA:501,12,1,0
BRDA:502,13,0,0
BRDA:502,13,1,0
BRDA:503,14,0,0
BRDA:503,14,1,0
BRDA:504,15,0,0
BRDA:504,15,1,0
BRDA:505,16,0,0
BRDA:505,16,1,0
BRDA:506,17,0,0
BRDA:506,17,1,0
BRDA:507,18,0,0
BRDA:507,18,1,0
BRDA:508,19,0,0
BRDA:508,19,1,0
BRDA:512,20,0,0
BRDA:512,20,1,0
BRDA:514,21,0,0
BRDA:514,21,1,0
BRDA:522,22,0,0
BRDA:522,22,1,0
BRDA:524,23,0,0
BRDA:524,23,1,0
BRDA:530,24,0,0
BRDA:530,24,1,0
BRDA:546,25,0,0
BRDA:546,25,1,0
BRDA:547,26,0,0
BRDA:547,26,1,0
BRDA:583,27,0,0
BRDA:583,27,1,0
BRDA:593,28,0,0
BRDA:593,28,1,0
BRDA:593,29,0,0
BRDA:593,29,1,0
BRDA:597,30,0,0
BRDA:597,30,1,0
BRDA:598,31,0,0
BRDA:598,31,1,0
BRDA:599,32,0,0
BRDA:599,32,1,0
BRDA:600,33,0,0
BRDA:600,33,1,0
BRDA:605,34,0,0
BRDA:605,34,1,0
BRDA:606,35,0,0
BRDA:606,35,1,0
BRDA:607,36,0,0
BRDA:607,36,1,0
BRDA:623,37,0,0
BRDA:623,37,1,0
BRDA:623,38,0,0
BRDA:623,38,1,0
BRDA:627,39,0,0
BRDA:627,39,1,0
BRDA:628,40,0,0
BRDA:628,40,1,0
BRDA:629,41,0,0
BRDA:629,41,1,0
BRDA:676,42,0,0
BRDA:676,42,1,0
BRDA:685,43,0,0
BRDA:685,43,1,0
BRDA:688,44,0,0
BRDA:688,44,1,0
BRDA:692,45,0,0
BRDA:692,45,1,0
BRDA:694,46,0,0
BRDA:694,46,1,0
BRDA:696,47,0,0
BRDA:696,47,1,0
BRDA:698,48,0,0
BRDA:698,48,1,0
BRDA:699,49,0,0
BRDA:699,49,1,0
BRDA:723,50,0,0
BRDA:723,50,1,0
BRDA:725,51,0,0
BRDA:725,51,1,0
BRDA:728,52,0,0
BRDA:728,52,1,0
BRDA:728,53,0,0
BRDA:728,53,1,0
BRDA:738,54,0,0
BRDA:738,54,1,0
BRDA:743,55,0,0
BRDA:743,55,1,0
BRDA:744,56,0,0
BRDA:744,56,1,0
BRDA:744,57,0,0
BRDA:744,57,1,0
BRDA:746,58,0,0
BRDA:746,58,1,0
BRDA:747,59,0,0
BRDA:747,59,1,0
BRDA:749,60,0,0
BRDA:749,60,1,0
BRDA:756,61,0,0
BRDA:756,61,1,0
BRDA:756,62,0,0
BRDA:756,62,1,0
BRDA:758,63,0,0
BRDA:758,63,1,0
BRDA:774,64,0,0
BRDA:774,64,1,0
BRDA:775,65,0,0
BRDA:775,65,1,0
BRDA:789,66,0,0
BRDA:789,66,1,0
BRDA:815,67,0,0
BRDA:815,67,1,0
BRDA:818,68,0,0
BRDA:818,68,1,0
BRDA:818,68,2,0
BRDA:824,69,0,0
BRDA:824,69,1,0
BRDA:825,70,0,0
BRDA:825,70,1,0
BRDA:835,71,0,0
BRDA:835,71,1,0
BRDA:837,72,0,0
BRDA:837,72,1,0
BRDA:845,73,0,0
BRDA:845,73,1,0
BRDA:845,74,0,0
BRDA:845,74,1,0
BRDA:852,75,0,0
BRDA:854,76,0,0
BRDA:854,76,1,0
BRDA:859,77,0,0
BRDA:859,77,1,0
BRDA:864,78,0,0
BRDA:864,78,1,0
BRDA:873,79,0,0
BRDA:874,80,0,0
BRDA:874,80,1,0
BRDA:874,81,0,0
BRDA:874,81,1,0
BRDA:874,81,2,0
BRDA:875,82,0,0
BRDA:875,82,1,0
BRDA:876,83,0,0
BRDA:876,83,1,0
BRDA:884,84,0,0
BRDA:884,84,1,0
BRDA:891,85,0,0
BRDA:891,85,1,0
BRDA:900,86,0,0
BRDA:900,86,1,0
BRDA:908,87,0,0
BRDA:908,87,1,0
BRDA:908,88,0,0
BRDA:908,88,1,0
BRDA:909,89,0,0
BRDA:909,89,1,0
BRDA:912,90,0,0
BRDA:912,90,1,0
BRDA:913,91,0,0
BRDA:913,91,1,0
BRDA:918,92,0,0
BRDA:918,92,1,0
BRDA:924,93,0,0
BRDA:924,93,1,0
BRDA:924,94,0,0
BRDA:924,94,1,0
BRDA:924,95,0,0
BRDA:924,95,1,0
BRDA:929,96,0,0
BRDA:929,96,1,0
BRDA:941,97,0,0
BRDA:941,97,1,0
BRDA:942,98,0,0
BRDA:942,98,1,0
BRDA:944,99,0,0
BRDA:944,99,1,0
BRDA:956,100,0,0
BRDA:956,100,1,0
BRDA:968,101,0,0
BRDA:968,101,1,0
BRDA:979,102,0,0
BRDA:979,102,1,0
BRDA:988,103,0,0
BRDA:988,103,1,0
BRDA:991,104,0,0
BRDA:991,104,1,0
BRDA:995,105,0,0
BRDA:995,105,1,0
BRDA:1003,106,0,0
BRDA:1003,106,1,0
BRDA:1004,107,0,0
BRDA:1004,107,1,0
BRDA:1005,108,0,0
BRDA:1005,108,1,0
BRDA:1006,109,0,0
BRDA:1006,109,1,0
BRDA:1007,110,0,0
BRDA:1007,110,1,0
BRDA:1007,111,0,0
BRDA:1007,111,1,0
BRDA:1013,112,0,0
BRDA:1013,112,1,0
BRDA:1013,112,2,0
BRDA:1019,113,0,0
BRDA:1019,113,1,0
BRDA:1039,114,0,0
BRDA:1039,114,1,0
BRDA:1052,115,0,0
BRDA:1052,115,1,0
BRDA:1052,116,0,0
BRDA:1052,116,1,0
BRDA:1060,117,0,0
BRDA:1060,117,1,0
BRDA:1062,118,0,0
BRDA:1062,118,1,0
BRDA:1062,119,0,0
BRDA:1062,119,1,0
BRDA:1065,120,0,0
BRDA:1065,120,1,0
BRDA:1067,121,0,0
BRDA:1067,121,1,0
BRDA:1067,122,0,0
BRDA:1067,122,1,0
BRDA:1075,123,0,0
BRDA:1075,123,1,0
BRDA:1075,124,0,0
BRDA:1075,124,1,0
BRDA:1080,125,0,0
BRDA:1080,125,1,0
BRDA:1082,126,0,0
BRDA:1082,126,1,0
BRDA:1088,127,0,0
BRDA:1088,127,1,0
BRDA:1093,128,0,0
BRDA:1093,128,1,0
BRDA:1103,129,0,0
BRDA:1103,129,1,0
BRDA:1114,130,0,0
BRDA:1114,130,1,0
BRDA:1114,131,0,0
BRDA:1114,131,1,0
BRDA:1123,132,0,0
BRDA:1123,132,1,0
BRDA:1124,133,0,0
BRDA:1124,133,1,0
BRDA:1125,134,0,0
BRDA:1125,134,1,0
BRDA:1132,135,0,0
BRDA:1132,135,1,0
BRDA:1140,136,0,0
BRDA:1140,136,1,0
BRDA:1144,137,0,0
BRDA:1144,137,1,0
BRDA:1148,138,0,0
BRDA:1148,138,1,0
BRDA:1160,139,0,0
BRDA:1160,139,1,0
BRDA:1167,140,0,0
BRDA:1167,140,1,0
BRDA:1185,141,0,0
BRDA:1185,141,1,0
BRDA:1192,142,0,0
BRDA:1192,142,1,0
BRDA:1205,143,0,0
BRDA:1205,143,1,0
BRDA:1206,144,0,0
BRDA:1206,144,1,0
BRDA:1216,145,0,0
BRDA:1216,145,1,0
BRDA:1225,146,0,0
BRDA:1225,146,1,0
BRDA:1236,147,0,0
BRDA:1236,147,1,0
BRDA:1236,148,0,0
BRDA:1236,148,1,0
BRDA:1239,149,0,0
BRDA:1239,149,1,0
BRDA:1247,150,0,0
BRDA:1247,150,1,0
BRDA:1250,151,0,0
BRDA:1250,151,1,0
BRDA:1267,152,0,0
BRDA:1267,152,1,0
BRDA:1279,153,0,0
BRDA:1279,153,1,0
BRDA:1279,154,0,0
BRDA:1279,154,1,0
BRDA:1283,155,0,0
BRDA:1283,155,1,0
BRDA:1285,156,0,0
BRDA:1285,156,1,0
BRDA:1287,157,0,0
BRDA:1287,157,1,0
BRDA:1291,158,0,0
BRDA:1291,158,1,0
BRDA:1294,159,0,0
BRDA:1294,159,1,0
BRDA:1299,160,0,0
BRDA:1299,160,1,0
BRDA:1305,161,0,0
BRDA:1305,161,1,0
BRDA:1312,162,0,0
BRDA:1312,162,1,0
BRDA:1313,163,0,0
BRDA:1313,163,1,0
BRDA:1314,164,0,0
BRDA:1314,164,1,0
BRDA:1334,165,0,0
BRDA:1334,165,1,0
BRDA:1345,166,0,0
BRDA:1345,166,1,0
BRDA:1345,166,2,0
BRDA:1346,167,0,0
BRDA:1346,167,1,0
BRDA:1364,168,0,0
BRDA:1364,168,1,0
BRDA:1364,169,0,0
BRDA:1364,169,1,0
BRDA:1389,170,0,0
BRDA:1389,170,1,0
BRDA:1389,171,0,0
BRDA:1389,171,1,0
BRDA:1389,171,2,0
BRDA:1394,172,0,0
BRDA:1394,172,1,0
BRDA:1421,173,0,0
BRDA:1421,173,1,0
BRDA:1424,174,0,0
BRDA:1424,174,1,0
BRDA:1432,175,0,0
BRDA:1432,175,1,0
BRDA:1438,176,0,0
BRDA:1438,176,1,0
BRDA:1438,177,0,0
BRDA:1438,177,1,0
BRDA:1450,178,0,0
BRDA:1450,178,1,0
BRDA:1451,179,0,0
BRDA:1451,179,1,0
BRDA:1488,180,0,0
BRDA:1488,180,1,0
BRDA:1489,181,0,0
BRDA:1489,181,1,0
BRDA:1490,182,0,0
BRDA:1490,182,1,0
BRDA:1512,183,0,0
BRDA:1512,183,1,0
BRDA:1512,184,0,0
BRDA:1512,184,1,0
BRDA:1516,185,0,0
BRDA:1516,185,1,0
BRDA:1517,186,0,0
BRDA:1517,186,1,0
BRDA:1527,187,0,0
BRDA:1527,187,1,0
BRDA:1527,188,0,0
BRDA:1527,188,1,0
BRDA:1532,189,0,0
BRDA:1532,189,1,0
BRDA:1544,190,0,0
BRDA:1544,190,1,0
BRDA:1544,191,0,0
BRDA:1544,191,1,0
BRDA:1544,191,2,0
BRDA:1548,192,0,0
BRDA:1548,192,1,0
BRDA:1548,193,0,0
BRDA:1548,193,1,0
BRDA:1548,193,2,0
BRDA:1555,194,0,0
BRDA:1555,194,1,0
BRDA:1566,195,0,0
BRDA:1566,195,1,0
BRDA:1571,196,0,0
BRDA:1571,196,1,0
BRDA:1571,197,0,0
BRDA:1571,197,1,0
BRDA:1586,198,0,0
BRDA:1586,198,1,0
BRDA:1587,199,0,0
BRDA:1587,199,1,0
BRDA:1588,200,0,0
BRDA:1588,200,1,0
BRDA:1610,201,0,0
BRDA:1610,201,1,0
BRDA:1610,202,0,0
BRDA:1610,202,1,0
BRDA:1610,202,2,0
BRDA:1619,203,0,0
BRDA:1619,203,1,0
BRDA:1621,204,0,0
BRDA:1621,204,1,0
BRDA:1622,205,0,0
BRDA:1622,205,1,0
BRDA:1623,206,0,0
BRDA:1623,206,1,0
BRDA:1624,207,0,0
BRDA:1624,207,1,0
BRDA:1625,208,0,0
BRDA:1625,208,1,0
BRDA:1632,209,0,0
BRDA:1632,209,1,0
BRDA:1636,210,0,0
BRDA:1636,210,1,0
BRDA:1637,211,0,0
BRDA:1637,211,1,0
BRDA:1640,212,0,0
BRDA:1640,212,1,0
BRDA:1644,213,0,0
BRDA:1644,213,1,0
BRDA:1644,214,0,0
BRDA:1644,214,1,0
BRDA:1646,215,0,0
BRDA:1646,215,1,0
BRDA:1647,216,0,0
BRDA:1647,216,1,0
BRDA:1648,217,0,0
BRDA:1648,217,1,0
BRDA:1649,218,0,0
BRDA:1649,218,1,0
BRDA:1650,219,0,0
BRDA:1650,219,1,0
BRDA:1651,220,0,0
BRDA:1651,220,1,0
BRDA:1652,221,0,0
BRDA:1652,221,1,0
BRDA:1653,222,0,0
BRDA:1653,222,1,0
BRDA:1654,223,0,0
BRDA:1654,223,1,0
BRDA:1655,224,0,0
BRDA:1655,224,1,0
BRDA:1658,225,0,0
BRDA:1658,225,1,0
BRDA:1663,226,0,0
BRDA:1663,226,1,0
BRDA:1664,227,0,0
BRDA:1664,227,1,0
BRDA:1669,228,0,0
BRDA:1669,228,1,0
BRDA:1686,229,0,0
BRDA:1686,229,1,0
BRDA:1687,230,0,0
BRDA:1687,230,1,0
BRDA:1687,231,0,0
BRDA:1687,231,1,0
BRDA:1693,232,0,0
BRDA:1693,232,1,0
BRDA:1714,233,0,0
BRDA:1714,233,1,0
BRDA:1714,234,0,0
BRDA:1714,234,1,0
BRDA:1717,235,0,0
BRDA:1717,235,1,0
BRDA:1717,236,0,0
BRDA:1717,236,1,0
BRDA:1719,237,0,0
BRDA:1719,237,1,0
BRDA:1720,238,0,0
BRDA:1720,238,1,0
BRDA:1721,239,0,0
BRDA:1721,239,1,0
BRDA:1721,239,2,0
BRDA:1729,240,0,0
BRDA:1729,240,1,0
BRDA:1732,241,0,0
BRDA:1732,241,1,0
BRDA:1733,242,0,0
BRDA:1733,242,1,0
BRDA:1734,243,0,0
BRDA:1734,243,1,0
BRDA:1740,244,0,0
BRDA:1740,244,1,0
BRDA:1740,244,2,0
BRDA:1740,244,3,0
BRDA:1743,245,0,0
BRDA:1743,245,1,0
BRDA:1747,246,0,0
BRDA:1747,246,1,0
BRDA:1750,247,0,0
BRDA:1750,247,1,0
BRDA:1753,248,0,0
BRDA:1753,248,1,0
BRDA:1755,249,0,0
BRDA:1755,249,1,0
BRDA:1756,250,0,0
BRDA:1756,250,1,0
BRDA:1761,251,0,0
BRDA:1761,251,1,0
BRDA:1763,252,0,0
BRDA:1763,252,1,0
BRDA:1764,253,0,0
BRDA:1764,253,1,0
BRDA:1766,254,0,0
BRDA:1766,254,1,0
BRDA:1770,255,0,0
BRDA:1770,255,1,0
BRDA:1774,256,0,0
BRDA:1774,256,1,0
BRDA:1775,257,0,0
BRDA:1775,257,1,0
BRDA:1777,258,0,0
BRDA:1777,258,1,0
BRDA:1779,259,0,0
BRDA:1779,259,1,0
BRDA:1779,259,2,0
BRDA:1781,260,0,0
BRDA:1781,260,1,0
BRDA:1783,261,0,0
BRDA:1783,261,1,0
BRDA:1787,262,0,0
BRDA:1787,262,1,0
BRDA:1788,263,0,0
BRDA:1788,263,1,0
BRDA:1789,264,0,0
BRDA:1789,264,1,0
BRDA:1790,265,0,0
BRDA:1790,265,1,0
BRDA:1800,266,0,0
BRDA:1800,266,1,0
BRDA:1803,267,0,0
BRDA:1803,267,1,0
BRDA:1806,268,0,0
BRDA:1806,268,1,0
BRDA:1807,269,0,0
BRDA:1807,269,1,0
BRDA:1808,270,0,0
BRDA:1808,270,1,0
BRDA:1812,271,0,0
BRDA:1812,271,1,0
BRDA:1814,272,0,0
BRDA:1814,272,1,0
BRDA:1816,273,0,0
BRDA:1816,273,1,0
BRDA:1818,274,0,0
BRDA:1818,274,1,0
BRDA:1819,275,0,0
BRDA:1819,275,1,0
BRDA:1820,276,0,0
BRDA:1820,276,1,0
BRDA:1821,277,0,0
BRDA:1821,277,1,0
BRDA:1825,278,0,0
BRDA:1825,278,1,0
BRDA:1829,279,0,0
BRDA:1829,279,1,0
BRDA:1833,280,0,0
BRDA:1833,280,1,0
BRDA:1834,281,0,0
BRDA:1834,281,1,0
BRDA:1837,282,0,0
BRDA:1837,282,1,0
BRDA:1837,282,2,0
BRDA:1841,283,0,0
BRDA:1841,283,1,0
BRDA:1842,284,0,0
BRDA:1842,284,1,0
BRDA:1843,285,0,0
BRDA:1843,285,1,0
BRDA:1846,286,0,0
BRDA:1846,286,1,0
BRDA:1846,286,2,0
BRDA:1847,287,0,0
BRDA:1847,287,1,0
BRDA:1848,288,0,0
BRDA:1848,288,1,0
BRDA:1850,289,0,0
BRDA:1850,289,1,0
BRDA:1854,290,0,0
BRDA:1854,290,1,0
BRDA:1857,291,0,0
BRDA:1857,291,1,0
BRDA:1859,292,0,0
BRDA:1859,292,1,0
BRDA:1860,293,0,0
BRDA:1860,293,1,0
BRDA:1861,294,0,0
BRDA:1861,294,1,0
BRDA:1864,295,0,0
BRDA:1864,295,1,0
BRDA:1866,296,0,0
BRDA:1866,296,1,0
BRDA:1870,297,0,0
BRDA:1870,297,1,0
BRDA:1871,298,0,0
BRDA:1871,298,1,0
BRDA:1873,299,0,0
BRDA:1873,299,1,0
BRDA:1874,300,0,0
BRDA:1874,300,1,0
BRDA:1875,301,0,0
BRDA:1875,301,1,0
BRDA:1876,302,0,0
BRDA:1876,302,1,0
BRDA:1877,303,0,0
BRDA:1877,303,1,0
BRDA:1880,304,0,0
BRDA:1880,304,1,0
BRDA:1885,305,0,0
BRDA:1885,305,1,0
BRDA:1887,306,0,0
BRDA:1887,306,1,0
BRDA:1888,307,0,0
BRDA:1888,307,1,0
BRDA:1888,308,0,0
BRDA:1888,308,1,0
BRDA:1888,309,0,0
BRDA:1888,309,1,0
BRDA:1889,310,0,0
BRDA:1889,310,1,0
BRDA:1889,311,0,0
BRDA:1889,311,1,0
BRDA:1889,312,0,0
BRDA:1889,312,1,0
BRDA:1890,313,0,0
BRDA:1890,313,1,0
BRDA:1890,314,0,0
BRDA:1890,314,1,0
BRDA:1890,315,0,0
BRDA:1890,315,1,0
BRDA:1891,316,0,0
BRDA:1891,316,1,0
BRDA:1892,317,0,0
BRDA:1892,317,1,0
BRDA:1892,318,0,0
BRDA:1892,318,1,0
BRDA:1892,319,0,0
BRDA:1892,319,1,0
BRDA:1893,320,0,0
BRDA:1893,320,1,0
BRDA:1894,321,0,0
BRDA:1894,321,1,0
BRDA:1894,322,0,0
BRDA:1894,322,1,0
BRDA:1894,323,0,0
BRDA:1894,323,1,0
BRDA:1895,324,0,0
BRDA:1895,324,1,0
BRDA:1895,325,0,0
BRDA:1895,325,1,0
BRDA:1895,326,0,0
BRDA:1895,326,1,0
BRDA:1896,327,0,0
BRDA:1896,327,1,0
BRDA:1899,328,0,0
BRDA:1899,328,1,0
BRDA:1899,328,2,0
BRDA:1906,329,0,0
BRDA:1906,329,1,0
BRF:668
BRH:0
end_of_record
TN:
SF:src/components/sidecar-drawer.js
FN:22,injectStyles
FN:198,constructor
FN:215,setDirHandle
FN:220,open
FN:229,(anonymous_4)
FN:234,close
FN:243,_currentIdx
FN:243,(anonymous_7)
FN:245,_navigate
FN:252,_render
FN:257,(anonymous_10)
FN:262,(anonymous_11)
FN:296,(anonymous_12)
FN:313,(anonymous_13)
FN:395,(anonymous_14)
FN:421,_renderExifBlock
FN:438,_renderComputedBlock
FN:439,(anonymous_17)
FN:445,_bindEvents
FN:447,(anonymous_19)
FN:448,(anonymous_20)
FN:449,(anonymous_21)
FN:450,(anonymous_22)
FN:453,(anonymous_23)
FN:454,(anonymous_24)
FN:462,(anonymous_25)
FN:463,(anonymous_26)
FN:466,(anonymous_27)
FN:473,(anonymous_28)
FN:474,(anonymous_29)
FN:477,(anonymous_30)
FN:488,(anonymous_31)
FN:492,(anonymous_32)
FN:497,(anonymous_33)
FN:515,(anonymous_34)
FN:523,(anonymous_35)
FN:526,_bindTagInput
FN:533,(anonymous_37)
FN:535,(anonymous_38)
FN:546,(anonymous_39)
FN:551,(anonymous_40)
FN:552,(anonymous_41)
FN:556,_addTag
FN:564,(anonymous_43)
FN:565,(anonymous_44)
FN:573,_showTagSuggestions
FN:576,(anonymous_46)
FN:581,(anonymous_47)
FN:585,(anonymous_48)
FN:597,_hideTagSuggestions
FN:602,_save
FN:621,(anonymous_51)
FN:648,(anonymous_52)
FN:664,_writeExifBack
FN:699,escH
FN:703,formatDate
FN:710,formatAge
FN:717,_ab2b64
FN:724,_b642ab
FNF:59
FNH:0
FNDA:0,injectStyles
FNDA:0,constructor
FNDA:0,setDirHandle
FNDA:0,open
FNDA:0,(anonymous_4)
FNDA:0,close
FNDA:0,_currentIdx
FNDA:0,(anonymous_7)
FNDA:0,_navigate
FNDA:0,_render
FNDA:0,(anonymous_10)
FNDA:0,(anonymous_11)
FNDA:0,(anonymous_12)
FNDA:0,(anonymous_13)
FNDA:0,(anonymous_14)
FNDA:0,_renderExifBlock
FNDA:0,_renderComputedBlock
FNDA:0,(anonymous_17)
FNDA:0,_bindEvents
FNDA:0,(anonymous_19)
FNDA:0,(anonymous_20)
FNDA:0,(anonymous_21)
FNDA:0,(anonymous_22)
FNDA:0,(anonymous_23)
FNDA:0,(anonymous_24)
FNDA:0,(anonymous_25)
FNDA:0,(anonymous_26)
FNDA:0,(anonymous_27)
FNDA:0,(anonymous_28)
FNDA:0,(anonymous_29)
FNDA:0,(anonymous_30)
FNDA:0,(anonymous_31)
FNDA:0,(anonymous_32)
FNDA:0,(anonymous_33)
FNDA:0,(anonymous_34)
FNDA:0,(anonymous_35)
FNDA:0,_bindTagInput
FNDA:0,(anonymous_37)
FNDA:0,(anonymous_38)
FNDA:0,(anonymous_39)
FNDA:0,(anonymous_40)
FNDA:0,(anonymous_41)
FNDA:0,_addTag
FNDA:0,(anonymous_43)
FNDA:0,(anonymous_44)
FNDA:0,_showTagSuggestions
FNDA:0,(anonymous_46)
FNDA:0,(anonymous_47)
FNDA:0,(anonymous_48)
FNDA:0,_hideTagSuggestions
FNDA:0,_save
FNDA:0,(anonymous_51)
FNDA:0,(anonymous_52)
FNDA:0,_writeExifBack
FNDA:0,escH
FNDA:0,formatDate
FNDA:0,formatAge
FNDA:0,_ab2b64
FNDA:0,_b642ab
DA:20,0
DA:23,0
DA:24,0
DA:25,0
DA:26,0
DA:194,0
DA:199,0
DA:200,0
DA:201,0
DA:202,0
DA:203,0
DA:204,0
DA:205,0
DA:206,0
DA:207,0
DA:208,0
DA:209,0
DA:210,0
DA:211,0
DA:216,0
DA:221,0
DA:222,0
DA:223,0
DA:224,0
DA:225,0
DA:226,0
DA:229,0
DA:231,0
DA:235,0
DA:236,0
DA:237,0
DA:238,0
DA:239,0
DA:240,0
DA:243,0
DA:246,0
DA:247,0
DA:248,0
DA:249,0
DA:253,0
DA:255,0
DA:256,0
DA:257,0
DA:258,0
DA:260,0
DA:261,0
DA:262,0
DA:263,0
DA:265,0
DA:266,0
DA:267,0
DA:268,0
DA:269,0
DA:270,0
DA:271,0
DA:272,0
DA:274,0
DA:296,0
DA:313,0
DA:395,0
DA:415,0
DA:416,0
DA:418,0
DA:422,0
DA:423,0
DA:424,0
DA:426,0
DA:432,0
DA:433,0
DA:434,0
DA:435,0
DA:439,0
DA:440,0
DA:441,0
DA:447,0
DA:448,0
DA:449,0
DA:450,0
DA:453,0
DA:454,0
DA:455,0
DA:456,0
DA:461,0
DA:462,0
DA:463,0
DA:464,0
DA:465,0
DA:466,0
DA:467,0
DA:473,0
DA:474,0
DA:475,0
DA:476,0
DA:477,0
DA:478,0
DA:480,0
DA:485,0
DA:488,0
DA:489,0
DA:490,0
DA:491,0
DA:492,0
DA:493,0
DA:497,0
DA:498,0
DA:499,0
DA:500,0
DA:501,0
DA:502,0
DA:503,0
DA:504,0
DA:505,0
DA:506,0
DA:507,0
DA:508,0
DA:509,0
DA:510,0
DA:512,0
DA:513,0
DA:515,0
DA:516,0
DA:517,0
DA:523,0
DA:527,0
DA:528,0
DA:529,0
DA:530,0
DA:533,0
DA:535,0
DA:536,0
DA:537,0
DA:538,0
DA:540,0
DA:541,0
DA:542,0
DA:546,0
DA:547,0
DA:548,0
DA:551,0
DA:552,0
DA:557,0
DA:558,0
DA:559,0
DA:560,0
DA:561,0
DA:562,0
DA:563,0
DA:564,0
DA:565,0
DA:566,0
DA:568,0
DA:569,0
DA:570,0
DA:574,0
DA:575,0
DA:576,0
DA:577,0
DA:579,0
DA:580,0
DA:581,0
DA:582,0
DA:583,0
DA:584,0
DA:585,0
DA:586,0
DA:587,0
DA:589,0
DA:591,0
DA:592,0
DA:593,0
DA:594,0
DA:598,0
DA:599,0
DA:603,0
DA:604,0
DA:605,0
DA:607,0
DA:609,0
DA:621,0
DA:622,0
DA:625,0
DA:626,0
DA:639,0
DA:644,0
DA:645,0
DA:647,0
DA:648,0
DA:649,0
DA:653,0
DA:654,0
DA:655,0
DA:656,0
DA:658,0
DA:659,0
DA:660,0
DA:666,0
DA:667,0
DA:669,0
DA:670,0
DA:671,0
DA:673,0
DA:674,0
DA:676,0
DA:677,0
DA:679,0
DA:681,0
DA:684,0
DA:685,0
DA:686,0
DA:687,0
DA:690,0
DA:691,0
DA:692,0
DA:693,0
DA:700,0
DA:704,0
DA:705,0
DA:706,0
DA:707,0
DA:711,0
DA:712,0
DA:713,0
DA:714,0
DA:718,0
DA:719,0
DA:720,0
DA:721,0
DA:725,0
DA:726,0
DA:727,0
DA:728,0
LF:231
LH:0
BRDA:23,0,0,0
BRDA:23,0,1,0
BRDA:198,1,0,0
BRDA:220,2,0,0
BRDA:224,3,0,0
BRDA:224,3,1,0
BRDA:225,4,0,0
BRDA:225,4,1,0
BRDA:226,5,0,0
BRDA:226,5,1,0
BRDA:248,6,0,0
BRDA:248,6,1,0
BRDA:248,7,0,0
BRDA:248,7,1,0
BRDA:267,8,0,0
BRDA:267,8,1,0
BRDA:268,9,0,0
BRDA:268,9,1,0
BRDA:269,10,0,0
BRDA:269,10,1,0
BRDA:270,11,0,0
BRDA:270,11,1,0
BRDA:271,12,0,0
BRDA:271,12,1,0
BRDA:272,13,0,0
BRDA:272,13,1,0
BRDA:276,14,0,0
BRDA:276,14,1,0
BRDA:279,15,0,0
BRDA:279,15,1,0
BRDA:279,16,0,0
BRDA:279,16,1,0
BRDA:280,17,0,0
BRDA:280,17,1,0
BRDA:281,18,0,0
BRDA:281,18,1,0
BRDA:297,19,0,0
BRDA:297,19,1,0
BRDA:297,20,0,0
BRDA:297,20,1,0
BRDA:298,21,0,0
BRDA:298,21,1,0
BRDA:298,22,0,0
BRDA:298,22,1,0
BRDA:302,23,0,0
BRDA:302,23,1,0
BRDA:303,24,0,0
BRDA:303,24,1,0
BRDA:304,25,0,0
BRDA:304,25,1,0
BRDA:325,26,0,0
BRDA:325,26,1,0
BRDA:333,27,0,0
BRDA:333,27,1,0
BRDA:336,28,0,0
BRDA:336,28,1,0
BRDA:343,29,0,0
BRDA:343,29,1,0
BRDA:347,30,0,0
BRDA:347,30,1,0
BRDA:351,31,0,0
BRDA:351,31,1,0
BRDA:355,32,0,0
BRDA:355,32,1,0
BRDA:357,33,0,0
BRDA:357,33,1,0
BRDA:374,34,0,0
BRDA:374,34,1,0
BRDA:387,35,0,0
BRDA:387,35,1,0
BRDA:397,36,0,0
BRDA:397,36,1,0
BRDA:398,37,0,0
BRDA:398,37,1,0
BRDA:423,38,0,0
BRDA:423,38,1,0
BRDA:423,39,0,0
BRDA:423,39,1,0
BRDA:427,40,0,0
BRDA:427,40,1,0
BRDA:428,41,0,0
BRDA:428,41,1,0
BRDA:429,42,0,0
BRDA:429,42,1,0
BRDA:430,43,0,0
BRDA:430,43,1,0
BRDA:432,44,0,0
BRDA:432,44,1,0
BRDA:433,45,0,0
BRDA:433,45,1,0
BRDA:434,46,0,0
BRDA:434,46,1,0
BRDA:440,47,0,0
BRDA:440,47,1,0
BRDA:465,48,0,0
BRDA:465,48,1,0
BRDA:467,49,0,0
BRDA:467,49,1,0
BRDA:475,50,0,0
BRDA:475,50,1,0
BRDA:480,51,0,0
BRDA:480,51,1,0
BRDA:480,52,0,0
BRDA:480,52,1,0
BRDA:490,53,0,0
BRDA:490,53,1,0
BRDA:504,54,0,0
BRDA:504,54,1,0
BRDA:504,55,0,0
BRDA:504,55,1,0
BRDA:529,56,0,0
BRDA:529,56,1,0
BRDA:536,57,0,0
BRDA:536,57,1,0
BRDA:536,58,0,0
BRDA:536,58,1,0
BRDA:536,58,2,0
BRDA:540,59,0,0
BRDA:540,59,1,0
BRDA:540,60,0,0
BRDA:540,60,1,0
BRDA:540,60,2,0
BRDA:558,61,0,0
BRDA:558,61,1,0
BRDA:558,62,0,0
BRDA:558,62,1,0
BRDA:575,63,0,0
BRDA:575,63,1,0
BRDA:576,64,0,0
BRDA:576,64,1,0
BRDA:577,65,0,0
BRDA:577,65,1,0
BRDA:611,66,0,0
BRDA:611,66,1,0
BRDA:613,67,0,0
BRDA:613,67,1,0
BRDA:614,68,0,0
BRDA:614,68,1,0
BRDA:615,69,0,0
BRDA:615,69,1,0
BRDA:616,70,0,0
BRDA:616,70,1,0
BRDA:617,71,0,0
BRDA:617,71,1,0
BRDA:625,72,0,0
BRDA:625,72,1,0
BRDA:625,73,0,0
BRDA:625,73,1,0
BRDA:627,74,0,0
BRDA:627,74,1,0
BRDA:628,75,0,0
BRDA:628,75,1,0
BRDA:629,76,0,0
BRDA:629,76,1,0
BRDA:630,77,0,0
BRDA:630,77,1,0
BRDA:631,78,0,0
BRDA:631,78,1,0
BRDA:632,79,0,0
BRDA:632,79,1,0
BRDA:633,80,0,0
BRDA:633,80,1,0
BRDA:634,81,0,0
BRDA:634,81,1,0
BRDA:635,82,0,0
BRDA:635,82,1,0
BRDA:636,83,0,0
BRDA:636,83,1,0
BRDA:639,84,0,0
BRDA:639,84,1,0
BRDA:647,85,0,0
BRDA:647,85,1,0
BRDA:666,86,0,0
BRDA:666,86,1,0
BRDA:667,87,0,0
BRDA:667,87,1,0
BRDA:667,88,0,0
BRDA:667,88,1,0
BRDA:676,89,0,0
BRDA:676,89,1,0
BRDA:679,90,0,0
BRDA:679,90,1,0
BRDA:700,91,0,0
BRDA:700,91,1,0
BRDA:704,92,0,0
BRDA:704,92,1,0
BRDA:711,93,0,0
BRDA:711,93,1,0
BRF:188
BRH:0
end_of_record
TN:
SF:src/components/timeline-view.js
FN:4,constructor
FN:9,(anonymous_1)
FN:10,(anonymous_2)
FN:11,(anonymous_3)
FN:12,(anonymous_4)
FN:13,(anonymous_5)
FN:14,(anonymous_6)
FN:15,(anonymous_7)
FN:16,(anonymous_8)
FN:17,(anonymous_9)
FN:18,(anonymous_10)
FN:19,(anonymous_11)
FN:20,(anonymous_12)
FN:21,(anonymous_13)
FN:22,(anonymous_14)
FN:23,(anonymous_15)
FN:24,(anonymous_16)
FN:36,initDOM
FN:109,bindEvents
FN:110,(anonymous_19)
FN:112,(anonymous_20)
FN:120,(anonymous_21)
FN:121,(anonymous_22)
FN:125,(anonymous_23)
FN:130,(anonymous_24)
FN:137,(anonymous_25)
FN:149,setData
FN:154,setPlayhead
FN:160,updatePlayheadDOM
FN:165,render
FN:168,(anonymous_30)
FN:169,(anonymous_31)
FN:200,(anonymous_32)
FN:219,(anonymous_33)
FN:233,(anonymous_34)
FN:237,(anonymous_35)
FN:240,(anonymous_36)
FN:248,(anonymous_37)
FN:255,(anonymous_38)
FN:263,(anonymous_39)
FN:287,(anonymous_40)
FN:297,(anonymous_41)
FN:305,(anonymous_42)
FN:316,(anonymous_43)
FNF:44
FNH:0
FNDA:0,constructor
FNDA:0,(anonymous_1)
FNDA:0,(anonymous_2)
FNDA:0,(anonymous_3)
FNDA:0,(anonymous_4)
FNDA:0,(anonymous_5)
FNDA:0,(anonymous_6)
FNDA:0,(anonymous_7)
FNDA:0,(anonymous_8)
FNDA:0,(anonymous_9)
FNDA:0,(anonymous_10)
FNDA:0,(anonymous_11)
FNDA:0,(anonymous_12)
FNDA:0,(anonymous_13)
FNDA:0,(anonymous_14)
FNDA:0,(anonymous_15)
FNDA:0,(anonymous_16)
FNDA:0,initDOM
FNDA:0,bindEvents
FNDA:0,(anonymous_19)
FNDA:0,(anonymous_20)
FNDA:0,(anonymous_21)
FNDA:0,(anonymous_22)
FNDA:0,(anonymous_23)
FNDA:0,(anonymous_24)
FNDA:0,(anonymous_25)
FNDA:0,setData
FNDA:0,setPlayhead
FNDA:0,updatePlayheadDOM
FNDA:0,render
FNDA:0,(anonymous_30)
FNDA:0,(anonymous_31)
FNDA:0,(anonymous_32)
FNDA:0,(anonymous_33)
FNDA:0,(anonymous_34)
FNDA:0,(anonymous_35)
FNDA:0,(anonymous_36)
FNDA:0,(anonymous_37)
FNDA:0,(anonymous_38)
FNDA:0,(anonymous_39)
FNDA:0,(anonymous_40)
FNDA:0,(anonymous_41)
FNDA:0,(anonymous_42)
FNDA:0,(anonymous_43)
DA:5,0
DA:6,0
DA:27,0
DA:28,0
DA:29,0
DA:30,0
DA:31,0
DA:33,0
DA:37,0
DA:91,0
DA:105,0
DA:106,0
DA:110,0
DA:112,0
DA:113,0
DA:114,0
DA:115,0
DA:116,0
DA:120,0
DA:121,0
DA:123,0
DA:124,0
DA:125,0
DA:126,0
DA:130,0
DA:131,0
DA:132,0
DA:133,0
DA:134,0
DA:137,0
DA:138,0
DA:139,0
DA:140,0
DA:141,0
DA:143,0
DA:144,0
DA:150,0
DA:151,0
DA:155,0
DA:156,0
DA:157,0
DA:161,0
DA:162,0
DA:167,0
DA:168,0
DA:169,0
DA:170,0
DA:171,0
DA:175,0
DA:176,0
DA:177,0
DA:180,0
DA:181,0
DA:182,0
DA:183,0
DA:184,0
DA:185,0
DA:186,0
DA:187,0
DA:189,0
DA:190,0
DA:191,0
DA:192,0
DA:193,0
DA:197,0
DA:198,0
DA:200,0
DA:202,0
DA:203,0
DA:204,0
DA:205,0
DA:206,0
DA:207,0
DA:208,0
DA:210,0
DA:211,0
DA:212,0
DA:213,0
DA:214,0
DA:215,0
DA:216,0
DA:218,0
DA:219,0
DA:220,0
DA:223,0
DA:224,0
DA:227,0
DA:228,0
DA:229,0
DA:230,0
DA:233,0
DA:234,0
DA:235,0
DA:237,0
DA:238,0
DA:240,0
DA:241,0
DA:242,0
DA:243,0
DA:244,0
DA:245,0
DA:248,0
DA:249,0
DA:250,0
DA:251,0
DA:252,0
DA:255,0
DA:256,0
DA:257,0
DA:258,0
DA:259,0
DA:260,0
DA:263,0
DA:264,0
DA:265,0
DA:266,0
DA:267,0
DA:268,0
DA:269,0
DA:270,0
DA:271,0
DA:272,0
DA:274,0
DA:275,0
DA:276,0
DA:277,0
DA:278,0
DA:279,0
DA:280,0
DA:281,0
DA:282,0
DA:283,0
DA:285,0
DA:287,0
DA:288,0
DA:289,0
DA:291,0
DA:294,0
DA:295,0
DA:297,0
DA:298,0
DA:299,0
DA:300,0
DA:301,0
DA:302,0
DA:305,0
DA:306,0
DA:307,0
DA:308,0
DA:311,0
DA:312,0
DA:316,0
DA:318,0
DA:321,0
DA:324,0
DA:325,0
LF:156
LH:0
BRDA:4,0,0,0
BRDA:115,1,0,0
BRDA:115,1,1,0
BRDA:124,2,0,0
BRDA:124,2,1,0
BRDA:126,3,0,0
BRDA:126,3,1,0
BRDA:139,4,0,0
BRDA:139,4,1,0
BRDA:154,5,0,0
BRDA:157,6,0,0
BRDA:157,6,1,0
BRDA:169,7,0,0
BRDA:169,7,1,0
BRDA:171,8,0,0
BRDA:171,8,1,0
BRDA:208,9,0,0
BRDA:208,9,1,0
BRDA:249,10,0,0
BRDA:249,10,1,0
BRDA:256,11,0,0
BRDA:256,11,1,0
BRDA:263,12,0,0
BRDA:263,12,1,0
BRDA:270,13,0,0
BRDA:270,13,1,0
BRDA:288,14,0,0
BRDA:288,14,1,0
BRF:28
BRH:0
end_of_record
TN:
SF:src/data/assets.js
FN:21,hashFile
FN:30,(anonymous_1)
FN:36,getAsset
FN:41,getAllAssets
FN:46,getAssetsByFilename
FN:54,upsertAsset
FN:65,patchAsset
FN:73,deleteAsset
FN:85,setSidecarField
FN:98,addAnnotation
FN:111,removeAnnotation
FN:115,(anonymous_11)
FN:130,ingestFile
FNF:13
FNH:0
FNDA:0,hashFile
FNDA:0,(anonymous_1)
FNDA:0,getAsset
FNDA:0,getAllAssets
FNDA:0,getAssetsByFilename
FNDA:0,upsertAsset
FNDA:0,patchAsset
FNDA:0,deleteAsset
FNDA:0,setSidecarField
FNDA:0,addAnnotation
FNDA:0,removeAnnotation
FNDA:0,(anonymous_11)
FNDA:0,ingestFile
DA:22,0
DA:23,0
DA:26,0
DA:27,0
DA:28,0
DA:29,0
DA:30,0
DA:37,0
DA:42,0
DA:47,0
DA:55,0
DA:66,0
DA:67,0
DA:68,0
DA:69,0
DA:74,0
DA:86,0
DA:87,0
DA:99,0
DA:100,0
DA:101,0
DA:102,0
DA:103,0
DA:112,0
DA:113,0
DA:114,0
DA:115,0
DA:131,0
DA:132,0
DA:133,0
DA:137,0
DA:138,0
DA:140,0
DA:156,0
DA:157,0
LF:35
LH:0
[...]
FNDA:0,(anonymous_7)
FNDA:0,(anonymous_8)
FNDA:0,(anonymous_9)
FNDA:0,(anonymous_10)
FNDA:0,(anonymous_11)
FNDA:0,(anonymous_12)
FNDA:0,(anonymous_13)
FNDA:0,(anonymous_14)
FNDA:0,(anonymous_15)
FNDA:0,(anonymous_16)
FNDA:0,(anonymous_17)
FNDA:0,(anonymous_18)
FNDA:0,(anonymous_19)
FNDA:0,(anonymous_20)
FNDA:0,(anonymous_21)
FNDA:0,insertAtCursor
FNDA:0,(anonymous_23)
FNDA:0,openVariablePicker
FNDA:0,(anonymous_25)
FNDA:0,renderGroups
FNDA:0,(anonymous_27)
FNDA:0,(anonymous_28)
FNDA:0,updateCount
FNDA:0,(anonymous_30)
FNDA:0,(anonymous_31)
FNDA:0,(anonymous_32)
FNDA:0,(anonymous_33)
FNDA:0,(anonymous_34)
FNDA:0,close
FNDA:0,insertAndClose
FNDA:0,(anonymous_37)
FNDA:0,(anonymous_38)
FNDA:0,(anonymous_39)
FNDA:0,onKey
FNDA:0,(anonymous_41)
FNDA:0,(anonymous_42)
FNDA:0,(anonymous_43)
DA:22,0
DA:29,0
DA:32,0
DA:34,0
DA:35,0
DA:36,0
DA:37,0
DA:126,0
DA:136,0
DA:137,0
DA:138,0
DA:139,0
DA:140,0
DA:142,0
DA:144,0
DA:145,0
DA:146,0
DA:149,0
DA:150,0
DA:151,0
DA:152,0
DA:153,0
DA:154,0
DA:156,0
DA:159,0
DA:167,0
DA:170,0
DA:171,0
DA:172,0
DA:174,0
DA:177,0
DA:181,0
DA:184,0
DA:185,0
DA:186,0
DA:187,0
DA:188,0
DA:193,0
DA:194,0
DA:195,0
DA:197,0
DA:201,0
DA:202,0
DA:203,0
DA:205,0
DA:209,0
DA:210,0
DA:211,0
DA:212,0
DA:218,0
DA:219,0
DA:220,0
DA:221,0
DA:224,0
DA:225,0
DA:226,0
DA:227,0
DA:228,0
DA:235,0
DA:236,0
DA:247,0
DA:248,0
DA:249,0
DA:250,0
DA:252,0
DA:253,0
DA:254,0
DA:256,0
DA:262,0
DA:270,0
DA:271,0
DA:272,0
DA:273,0
DA:274,0
DA:275,0
DA:276,0
DA:278,0
DA:279,0
DA:280,0
DA:281,0
DA:282,0
DA:292,0
DA:293,0
DA:296,0
DA:297,0
DA:299,0
DA:301,0
DA:303,0
DA:304,0
DA:305,0
DA:306,0
DA:309,0
DA:310,0
DA:311,0
DA:332,0
DA:333,0
DA:334,0
DA:335,0
DA:336,0
DA:337,0
DA:338,0
DA:343,0
DA:344,0
DA:345,0
DA:346,0
DA:347,0
DA:348,0
DA:349,0
DA:350,0
DA:351,0
DA:352,0
DA:355,0
DA:356,0
DA:357,0
DA:358,0
DA:361,0
DA:362,0
DA:363,0
DA:364,0
DA:365,0
DA:366,0
DA:367,0
DA:368,0
DA:369,0
DA:374,0
DA:378,0
DA:381,0
DA:382,0
DA:384,0
DA:388,0
DA:389,0
DA:390,0
DA:392,0
DA:393,0
DA:394,0
DA:400,0
DA:401,0
DA:405,0
DA:406,0
DA:407,0
DA:408,0
DA:413,0
DA:414,0
DA:417,0
DA:418,0
DA:419,0
DA:420,0
DA:421,0
DA:422,0
DA:426,0
DA:427,0
DA:428,0
DA:430,0
DA:431,0
DA:432,0
DA:433,0
DA:434,0
DA:435,0
DA:436,0
DA:437,0
DA:438,0
DA:439,0
DA:441,0
DA:442,0
DA:445,0
DA:449,0
DA:450,0
DA:455,0
DA:456,0
DA:457,0
DA:459,0
DA:460,0
DA:463,0
DA:464,0
DA:465,0
DA:466,0
DA:468,0
DA:469,0
DA:470,0
DA:473,0
DA:474,0
DA:476,0
DA:478,0
DA:483,0
DA:484,0
DA:485,0
DA:486,0
DA:488,0
DA:491,0
LF:189
LH:0
BRDA:29,0,0,0
BRDA:29,0,1,0
BRDA:34,1,0,0
BRDA:34,1,1,0
BRDA:34,2,0,0
BRDA:34,2,1,0
BRDA:135,3,0,0
BRDA:135,4,0,0
BRDA:135,5,0,0
BRDA:137,6,0,0
BRDA:137,6,1,0
BRDA:137,7,0,0
BRDA:137,7,1,0
BRDA:138,8,0,0
BRDA:138,8,1,0
BRDA:139,9,0,0
BRDA:139,9,1,0
BRDA:142,10,0,0
BRDA:142,10,1,0
BRDA:144,11,0,0
BRDA:144,11,1,0
BRDA:144,12,0,0
BRDA:144,12,1,0
BRDA:145,13,0,0
BRDA:145,13,1,0
BRDA:150,14,0,0
BRDA:150,14,1,0
BRDA:151,15,0,0
BRDA:151,15,1,0
BRDA:152,16,0,0
BRDA:152,16,1,0
BRDA:152,17,0,0
BRDA:152,17,1,0
BRDA:153,18,0,0
BRDA:153,18,1,0
BRDA:166,19,0,0
BRDA:171,20,0,0
BRDA:171,20,1,0
BRDA:177,21,0,0
BRDA:177,21,1,0
BRDA:179,22,0,0
BRDA:179,22,1,0
BRDA:181,23,0,0
BRDA:181,23,1,0
BRDA:184,24,0,0
BRDA:184,24,1,0
BRDA:184,25,0,0
BRDA:184,25,1,0
BRDA:187,26,0,0
BRDA:187,26,1,0
BRDA:193,27,0,0
BRDA:193,27,1,0
BRDA:193,28,0,0
BRDA:193,28,1,0
BRDA:197,29,0,0
BRDA:197,29,1,0
BRDA:201,30,0,0
BRDA:201,30,1,0
BRDA:201,31,0,0
BRDA:201,31,1,0
BRDA:205,32,0,0
BRDA:205,32,1,0
BRDA:209,33,0,0
BRDA:209,33,1,0
BRDA:209,34,0,0
BRDA:209,34,1,0
BRDA:212,35,0,0
BRDA:212,35,1,0
BRDA:219,36,0,0
BRDA:219,36,1,0
BRDA:221,37,0,0
BRDA:221,37,1,0
BRDA:241,38,0,0
BRDA:241,38,1,0
BRDA:247,39,0,0
BRDA:247,39,1,0
BRDA:247,40,0,0
BRDA:247,40,1,0
BRDA:250,41,0,0
BRDA:250,41,1,0
BRDA:253,42,0,0
BRDA:253,42,1,0
BRDA:270,43,0,0
BRDA:270,43,1,0
BRDA:272,44,0,0
BRDA:272,44,1,0
BRDA:273,45,0,0
BRDA:273,45,1,0
BRDA:291,46,0,0
BRDA:292,47,0,0
BRDA:292,47,1,0
BRDA:299,48,0,0
BRDA:299,48,1,0
BRDA:299,49,0,0
BRDA:299,49,1,0
BRDA:301,50,0,0
BRDA:301,50,1,0
BRDA:304,51,0,0
BRDA:304,51,1,0
BRDA:304,52,0,0
BRDA:304,52,1,0
BRDA:304,53,0,0
BRDA:304,53,1,0
BRDA:305,54,0,0
BRDA:305,54,1,0
BRDA:347,55,0,0
BRDA:347,55,1,0
BRDA:350,56,0,0
BRDA:350,56,1,0
BRDA:358,57,0,0
BRDA:358,57,1,0
BRDA:363,58,0,0
BRDA:363,58,1,0
BRDA:368,59,0,0
BRDA:368,59,1,0
BRDA:369,60,0,0
BRDA:369,60,1,0
BRDA:371,61,0,0
BRDA:371,61,1,0
BRDA:381,62,0,0
BRDA:381,62,1,0
BRDA:401,63,0,0
BRDA:401,63,1,0
BRDA:407,64,0,0
BRDA:407,64,1,0
BRDA:418,65,0,0
BRDA:418,65,1,0
BRDA:419,66,0,0
BRDA:419,66,1,0
BRDA:420,67,0,0
BRDA:420,67,1,0
BRDA:421,68,0,0
BRDA:421,68,1,0
BRDA:421,68,2,0
BRDA:422,69,0,0
BRDA:422,69,1,0
BRDA:428,70,0,0
BRDA:428,70,1,0
BRDA:428,71,0,0
BRDA:428,71,1,0
BRDA:431,72,0,0
BRDA:431,72,1,0
BRDA:435,73,0,0
BRDA:435,73,1,0
BRDA:437,74,0,0
BRDA:437,74,1,0
BRDA:439,75,0,0
BRDA:439,75,1,0
BRDA:441,76,0,0
BRDA:441,76,1,0
BRDA:441,77,0,0
BRDA:441,77,1,0
BRDA:442,78,0,0
BRDA:442,78,1,0
BRDA:457,79,0,0
BRDA:457,79,1,0
BRDA:457,80,0,0
BRDA:457,80,1,0
BRDA:470,81,0,0
BRDA:470,81,1,0
BRDA:473,82,0,0
BRDA:473,82,1,0
BRDA:474,83,0,0
BRDA:474,83,1,0
BRDA:474,84,0,0
BRDA:474,84,1,0
BRDA:474,84,2,0
BRDA:483,85,0,0
BRDA:483,85,1,0
BRDA:485,86,0,0
BRDA:485,86,1,0
BRF:171
BRH:0
end_of_record
TN:
SF:src/utils/variables.js
FN:23,interpolate
FN:26,(anonymous_1)
FN:38,resolveExpr
FN:50,resolveKey
FN:124,applyPipe
FN:153,resolveParam
FN:176,resolveParams
FN:203,formatDateValue
FN:224,(anonymous_8)
FNF:9
FNH:5
FNDA:23,interpolate
FNDA:16,(anonymous_1)
FNDA:16,resolveExpr
FNDA:19,resolveKey
FNDA:3,applyPipe
FNDA:0,resolveParam
FNDA:0,resolveParams
FNDA:0,formatDateValue
FNDA:0,(anonymous_8)
DA:16,3
DA:24,23
DA:26,21
DA:27,16
DA:28,16
DA:30,0
DA:35,21
DA:40,16
DA:41,16
DA:42,16
DA:44,16
DA:46,16
DA:47,13
DA:51,19
DA:52,17
DA:53,14
DA:55,11
DA:56,11
DA:58,11
DA:60,6
DA:61,6
DA:63,2
DA:64,2
DA:65,2
DA:66,2
DA:67,2
DA:69,2
DA:70,2
DA:72,2
DA:73,6
DA:75,5
DA:76,5
DA:77,4
DA:79,3
DA:80,3
DA:81,3
DA:82,6
DA:83,1
DA:84,1
DA:86,5
DA:90,3
DA:91,1
DA:92,0
DA:93,0
DA:94,0
DA:95,0
DA:96,0
DA:97,0
DA:98,0
DA:99,0
DA:100,0
DA:101,0
DA:102,0
DA:103,0
DA:104,0
DA:105,0
DA:106,0
DA:107,0
DA:112,3
DA:113,2
DA:117,1
DA:118,1
DA:119,1
DA:121,1
DA:126,3
DA:127,3
DA:128,0
DA:132,3
DA:133,0
DA:139,3
DA:140,3
DA:141,3
DA:144,0
DA:154,0
DA:156,0
DA:157,0
DA:158,0
DA:159,0
DA:160,0
DA:161,0
DA:167,0
DA:169,0
DA:177,0
DA:178,0
DA:179,0
DA:180,0
DA:181,0
DA:184,0
DA:185,0
DA:186,0
DA:187,0
DA:188,0
DA:190,0
DA:192,0
DA:195,0
DA:204,0
DA:207,0
DA:208,0
DA:209,0
DA:211,0
DA:212,0
DA:213,0
DA:215,0
DA:218,0
DA:220,0
DA:221,0
DA:224,0
DA:225,0
DA:226,0
DA:227,0
DA:228,0
DA:229,0
DA:230,0
DA:231,0
DA:232,0
DA:233,0
DA:234,0
LF:117
LH:53
BRDA:23,0,0,23
BRDA:24,1,0,2
BRDA:24,1,1,21
BRDA:24,2,0,2
BRDA:24,2,1,2
BRDA:41,3,0,3
BRDA:41,3,1,13
BRDA:42,4,0,3
BRDA:42,4,1,13
BRDA:46,5,0,3
BRDA:46,5,1,13
BRDA:47,6,0,13
BRDA:47,6,1,3
BRDA:51,7,0,2
BRDA:51,7,1,17
BRDA:51,8,0,19
BRDA:51,8,1,18
BRDA:51,8,2,18
BRDA:52,9,0,3
BRDA:52,9,1,14
BRDA:52,10,0,3
BRDA:52,10,1,0
BRDA:53,11,0,3
BRDA:53,11,1,11
BRDA:53,12,0,3
BRDA:53,12,1,0
BRDA:58,13,0,6
BRDA:58,13,1,5
BRDA:58,14,0,11
BRDA:58,14,1,6
BRDA:60,15,0,5
BRDA:60,15,1,1
BRDA:61,16,0,4
BRDA:61,16,1,2
BRDA:61,17,0,6
BRDA:61,17,1,6
BRDA:61,17,2,4
BRDA:66,18,0,0
BRDA:66,18,1,2
BRDA:66,19,0,2
BRDA:66,19,1,2
BRDA:69,20,0,0
BRDA:69,20,1,2
BRDA:70,21,0,0
BRDA:70,21,1,2
BRDA:70,22,0,2
BRDA:70,22,1,0
BRDA:72,23,0,2
BRDA:72,23,1,0
BRDA:73,24,0,0
BRDA:73,24,1,2
BRDA:75,25,0,0
BRDA:75,25,1,5
BRDA:75,26,0,0
BRDA:75,26,1,0
BRDA:76,27,0,1
BRDA:76,27,1,4
BRDA:77,28,0,3
BRDA:77,28,1,1
BRDA:82,29,0,1
BRDA:82,29,1,5
BRDA:82,30,0,6
BRDA:82,30,1,5
BRDA:90,31,0,1
BRDA:90,31,1,2
BRDA:90,32,0,3
BRDA:90,32,1,2
BRDA:91,33,0,0
BRDA:91,33,1,1
BRDA:93,34,0,0
BRDA:93,34,1,0
BRDA:94,35,0,0
BRDA:94,35,1,0
BRDA:94,36,0,0
BRDA:94,36,1,0
BRDA:96,37,0,0
BRDA:96,37,1,0
BRDA:96,38,0,0
BRDA:96,38,1,0
BRDA:98,39,0,0
BRDA:98,39,1,0
BRDA:98,40,0,0
BRDA:98,40,1,0
BRDA:100,41,0,0
BRDA:100,41,1,0
BRDA:100,42,0,0
BRDA:100,42,1,0
BRDA:102,43,0,0
BRDA:102,43,1,0
BRDA:102,44,0,0
BRDA:102,44,1,0
BRDA:104,45,0,0
BRDA:104,45,1,0
BRDA:104,46,0,0
BRDA:104,46,1,0
BRDA:106,47,0,0
BRDA:106,47,1,0
BRDA:106,48,0,0
BRDA:106,48,1,0
BRDA:112,49,0,1
BRDA:112,49,1,2
BRDA:113,50,0,1
BRDA:113,50,1,1
BRDA:117,51,0,0
BRDA:117,51,1,1
BRDA:117,52,0,1
BRDA:117,52,1,0
BRDA:118,53,0,0
BRDA:118,53,1,1
BRDA:119,54,0,0
BRDA:119,54,1,1
BRDA:127,55,0,0
BRDA:127,55,1,3
BRDA:132,56,0,0
BRDA:132,56,1,3
BRDA:133,57,0,0
BRDA:133,57,1,0
BRDA:140,58,0,3
BRDA:140,58,1,0
BRDA:141,59,0,2
BRDA:141,59,1,1
BRDA:144,60,0,0
BRDA:144,60,1,0
BRDA:154,61,0,0
BRDA:154,61,1,0
BRDA:154,62,0,0
BRDA:154,62,1,0
BRDA:157,63,0,0
BRDA:157,63,1,0
BRDA:160,64,0,0
BRDA:160,64,1,0
BRDA:160,65,0,0
BRDA:160,65,1,0
BRDA:177,66,0,0
BRDA:177,66,1,0
BRDA:180,67,0,0
BRDA:180,67,1,0
BRDA:180,68,0,0
BRDA:180,68,1,0
BRDA:184,69,0,0
BRDA:184,69,1,0
BRDA:184,70,0,0
BRDA:184,70,1,0
BRDA:185,71,0,0
BRDA:185,71,1,0
BRDA:186,72,0,0
BRDA:186,72,1,0
BRDA:188,73,0,0
BRDA:188,73,1,0
BRDA:188,74,0,0
BRDA:188,74,1,0
BRDA:204,75,0,0
BRDA:204,75,1,0
BRDA:207,76,0,0
BRDA:207,76,1,0
BRDA:209,77,0,0
BRDA:209,77,1,0
BRDA:213,78,0,0
BRDA:213,78,1,0
BRDA:218,79,0,0
BRDA:218,79,1,0
BRDA:225,80,0,0
BRDA:225,80,1,0
BRDA:225,80,2,0
BRDA:225,80,3,0
BRDA:225,80,4,0
BRDA:225,80,5,0
BRDA:225,80,6,0
BRDA:225,80,7,0
BRDA:225,80,8,0
BRF:170
BRH:70
end_of_record
TN:
SF:src/utils/video-frame.js
FN:11,getCacheKey
FN:18,isVideoFile
FN:32,extractVideoFrame
FN:55,(anonymous_3)
FN:57,(anonymous_4)
FN:65,(anonymous_5)
FN:67,(anonymous_6)
FN:94,getVideoDuration
FN:107,(anonymous_8)
FN:109,(anonymous_9)
FN:132,extractVideoFilmstrip
FN:146,(anonymous_11)
FN:148,(anonymous_12)
FN:163,(anonymous_13)
FN:172,(anonymous_14)
FN:173,(anonymous_15)
FN:187,(anonymous_16)
FNF:17
FNH:0
FNDA:0,getCacheKey
FNDA:0,isVideoFile
FNDA:0,extractVideoFrame
FNDA:0,(anonymous_3)
FNDA:0,(anonymous_4)
FNDA:0,(anonymous_5)
FNDA:0,(anonymous_6)
FNDA:0,getVideoDuration
FNDA:0,(anonymous_8)
FNDA:0,(anonymous_9)
FNDA:0,extractVideoFilmstrip
FNDA:0,(anonymous_11)
FNDA:0,(anonymous_12)
FNDA:0,(anonymous_13)
FNDA:0,(anonymous_14)
FNDA:0,(anonymous_15)
FNDA:0,(anonymous_16)
DA:5,0
DA:7,0
DA:8,0
DA:9,0
DA:12,0
DA:13,0
DA:15,0
DA:19,0
DA:20,0
DA:33,0
DA:34,0
DA:36,0
DA:37,0
DA:38,0
DA:39,0
DA:40,0
DA:41,0
DA:42,0
DA:45,0
DA:46,0
DA:48,0
DA:49,0
DA:50,0
DA:51,0
DA:52,0
DA:54,0
DA:55,0
DA:56,0
DA:57,0
DA:58,0
DA:59,0
DA:62,0
DA:65,0
DA:66,0
DA:67,0
DA:68,0
DA:71,0
DA:72,0
DA:73,0
DA:74,0
DA:76,0
DA:77,0
DA:78,0
DA:79,0
DA:80,0
DA:82,0
DA:84,0
DA:85,0
DA:95,0
DA:96,0
DA:97,0
DA:100,0
DA:101,0
DA:102,0
DA:103,0
DA:104,0
DA:105,0
DA:106,0
DA:107,0
DA:108,0
DA:109,0
DA:110,0
DA:111,0
DA:113,0
DA:114,0
DA:115,0
DA:117,0
DA:118,0
DA:133,0
DA:134,0
DA:135,0
DA:138,0
DA:139,0
DA:140,0
DA:141,0
DA:142,0
DA:143,0
DA:145,0
DA:146,0
DA:147,0
DA:148,0
DA:149,0
DA:150,0
DA:153,0
DA:154,0
DA:155,0
DA:156,0
DA:158,0
DA:159,0
DA:160,0
DA:163,0
DA:164,0
DA:165,0
DA:166,0
DA:167,0
DA:168,0
DA:170,0
DA:171,0
DA:172,0
DA:173,0
DA:174,0
DA:175,0
DA:176,0
DA:177,0
DA:179,0
DA:181,0
DA:182,0
DA:187,0
DA:189,0
DA:191,0
DA:192,0
DA:193,0
DA:194,0
DA:195,0
DA:198,0
DA:199,0
DA:200,0
DA:202,0
DA:203,0
LF:119
LH:0
BRDA:12,0,0,0
BRDA:12,0,1,0
BRDA:12,1,0,0
BRDA:12,1,1,0
BRDA:13,2,0,0
BRDA:13,2,1,0
BRDA:13,3,0,0
BRDA:13,3,1,0
BRDA:32,4,0,0
BRDA:36,5,0,0
BRDA:36,5,1,0
BRDA:45,6,0,0
BRDA:45,6,1,0
BRDA:62,7,0,0
BRDA:62,7,1,0
BRDA:62,8,0,0
BRDA:62,8,1,0
BRDA:85,9,0,0
BRDA:85,9,1,0
BRDA:96,10,0,0
BRDA:96,10,1,0
BRDA:132,11,0,0
BRDA:132,12,0,0
BRDA:134,13,0,0
BRDA:134,13,1,0
BRDA:181,14,0,0
BRDA:181,14,1,0
BRDA:202,15,0,0
BRDA:202,15,1,0
BRF:29
BRH:0
end_of_record
TN:
SF:src/utils/video-scrubber.js
FN:20,(anonymous_0)
FN:23,getStoredSeekTime
FN:29,setStoredSeekTime
FN:33,fmtTime
FN:44,mountVideoScrubber
FN:96,(anonymous_5)
FN:104,(anonymous_6)
FN:110,(anonymous_7)
FN:118,(anonymous_8)
FN:124,(anonymous_9)
FN:128,(anonymous_10)
FN:129,(anonymous_11)
FN:144,(anonymous_12)
FN:163,(anonymous_13)
FN:164,(anonymous_14)
FNF:15
FNH:0
FNDA:0,(anonymous_0)
FNDA:0,getStoredSeekTime
FNDA:0,setStoredSeekTime
FNDA:0,fmtTime
FNDA:0,mountVideoScrubber
FNDA:0,(anonymous_5)
FNDA:0,(anonymous_6)
FNDA:0,(anonymous_7)
FNDA:0,(anonymous_8)
FNDA:0,(anonymous_9)
FNDA:0,(anonymous_10)
FNDA:0,(anonymous_11)
FNDA:0,(anonymous_12)
FNDA:0,(anonymous_13)
FNDA:0,(anonymous_14)
DA:19,0
DA:20,0
DA:24,0
DA:25,0
DA:30,0
DA:34,0
DA:35,0
DA:36,0
DA:37,0
DA:45,0
DA:88,0
DA:89,0
DA:90,0
DA:91,0
DA:93,0
DA:94,0
DA:96,0
DA:97,0
DA:98,0
DA:99,0
DA:100,0
DA:104,0
DA:105,0
DA:106,0
DA:107,0
DA:110,0
DA:111,0
DA:112,0
DA:113,0
DA:117,0
DA:118,0
DA:119,0
DA:120,0
DA:121,0
DA:122,0
DA:124,0
DA:125,0
DA:126,0
DA:128,0
DA:129,0
DA:132,0
DA:133,0
DA:137,0
DA:138,0
DA:141,0
DA:142,0
DA:143,0
DA:144,0
DA:145,0
DA:146,0
DA:147,0
DA:148,0
DA:150,0
DA:153,0
DA:154,0
DA:155,0
DA:157,0
DA:158,0
DA:159,0
DA:162,0
DA:163,0
DA:164,0
LF:62
LH:0
BRDA:25,0,0,0
BRDA:25,0,1,0
BRDA:34,1,0,0
BRDA:34,1,1,0
BRDA:44,2,0,0
BRDA:44,3,0,0
BRDA:94,4,0,0
BRDA:94,4,1,0
BRDA:99,5,0,0
BRDA:99,5,1,0
BRDA:119,6,0,0
BRDA:119,6,1,0
BRDA:125,7,0,0
BRDA:125,7,1,0
BRDA:153,8,0,0
BRDA:153,8,1,0
BRDA:153,9,0,0
BRDA:153,9,1,0
BRDA:159,10,0,0
BRDA:159,10,1,0
BRF:20
BRH:0
end_of_record
TN:
SF:src/workers/chatterbox.worker.js
FN:17,(anonymous_0)
FN:35,loadModel
FN:56,(anonymous_2)
FN:65,generateAudio
FNF:4
FNH:0
FNDA:0,(anonymous_0)
FNDA:0,loadModel
FNDA:0,(anonymous_2)
FNDA:0,generateAudio
DA:3,0
DA:5,0
DA:6,0
DA:7,0
DA:10,0
DA:11,0
DA:12,0
DA:13,0
DA:14,0
DA:17,0
DA:18,0
DA:19,0
DA:20,0
DA:22,0
DA:23,0
DA:25,0
DA:26,0
DA:28,0
DA:31,0
DA:36,0
DA:37,0
DA:41,0
DA:43,0
DA:44,0
DA:47,0
DA:48,0
DA:57,0
DA:62,0
DA:66,0
DA:68,0
DA:71,0
DA:72,0
DA:73,0
DA:75,0
DA:76,0
DA:77,0
DA:81,0
DA:82,0
DA:84,0
DA:94,0
DA:95,0
DA:100,0
LF:42
LH:0
BRDA:13,0,0,0
BRDA:13,0,1,0
BRDA:20,1,0,0
BRDA:20,1,1,0
BRDA:20,1,2,0
BRDA:37,2,0,0
BRDA:37,2,1,0
BRDA:41,3,0,0
BRDA:41,3,1,0
BRDA:43,4,0,0
BRDA:43,4,1,0
BRDA:47,5,0,0
BRDA:47,5,1,0
BRDA:68,6,0,0
BRDA:68,6,1,0
BRDA:68,7,0,0
BRDA:68,7,1,0
BRDA:72,8,0,0
BRDA:72,8,1,0
BRDA:88,9,0,0
BRDA:88,9,1,0
BRDA:89,10,0,0
BRDA:89,10,1,0
BRDA:90,11,0,0
BRDA:90,11,1,0
BRDA:91,12,0,0
BRDA:91,12,1,0
BRF:27
BRH:0
end_of_record
TN:
SF:src/workers/kokoro.worker.js
FN:20,(anonymous_0)
FN:26,(anonymous_1)
FNF:2
FNH:0
FNDA:0,(anonymous_0)
FNDA:0,(anonymous_1)
DA:18,0
DA:20,0
DA:21,0
DA:22,0
DA:23,0
DA:24,0
DA:27,0
DA:28,0
DA:29,0
DA:36,0
DA:37,0
DA:38,0
DA:39,0
DA:40,0
DA:41,0
DA:43,0
DA:44,0
DA:45,0
DA:51,0
LF:19
LH:0
BRDA:23,0,0,0
BRDA:23,0,1,0
BRDA:27,1,0,0
BRDA:27,1,1,0
BRDA:28,2,0,0
BRDA:28,2,1,0
BRDA:28,3,0,0
BRDA:28,3,1,0
BRDA:28,3,2,0
BRDA:31,4,0,0
BRDA:31,4,1,0
BRDA:37,5,0,0
BRDA:37,5,1,0
BRDA:38,6,0,0
BRDA:38,6,1,0
BRDA:41,7,0,0
BRDA:41,7,1,0
BRDA:46,8,0,0
BRDA:46,8,1,0
BRDA:51,9,0,0
BRDA:51,9,1,0
BRDA:51,10,0,0
BRDA:51,10,1,0
BRF:23
BRH:0
end_of_record
TN:
SF:src/workers/pocket-tts.worker.js
FN:54,(anonymous_0)
FN:70,loadModel
FN:122,generateAudio
FN:265,(anonymous_3)
FN:276,initState
FN:281,(anonymous_5)
FN:296,cloneState
FN:305,stateToInputs
FN:309,updateState
FN:320,sampleGaussian
FN:332,buildStPairs
FN:346,concat3DAxis1
FN:357,normalizeText
FN:374,buildTokenizer
FN:384,(anonymous_14)
FN:385,(anonymous_15)
FN:386,(anonymous_16)
FN:389,encode
FN:416,parseSpModelProto
FN:461,pbVarint
FN:473,pbSkip
FN:490,parseNpy
FN:503,(anonymous_22)
FN:505,(anonymous_23)
FN:522,getCached
FNF:25
FNH:0
FNDA:0,(anonymous_0)
FNDA:0,loadModel
FNDA:0,generateAudio
FNDA:0,(anonymous_3)
FNDA:0,initState
FNDA:0,(anonymous_5)
FNDA:0,cloneState
FNDA:0,stateToInputs
FNDA:0,updateState
FNDA:0,sampleGaussian
FNDA:0,buildStPairs
FNDA:0,concat3DAxis1
FNDA:0,normalizeText
FNDA:0,buildTokenizer
FNDA:0,(anonymous_14)
FNDA:0,(anonymous_15)
FNDA:0,(anonymous_16)
FNDA:0,encode
FNDA:0,parseSpModelProto
FNDA:0,pbVarint
FNDA:0,pbSkip
FNDA:0,parseNpy
FNDA:0,(anonymous_22)
FNDA:0,(anonymous_23)
FNDA:0,getCached
DA:30,0
DA:31,0
DA:33,0
DA:45,0
DA:46,0
DA:47,0
DA:48,0
DA:51,0
DA:54,0
DA:55,0
DA:56,0
DA:57,0
DA:58,0
DA:59,0
DA:61,0
DA:64,0
DA:71,0
DA:72,0
DA:78,0
DA:79,0
DA:81,0
DA:82,0
DA:85,0
DA:86,0
DA:87,0
DA:90,0
DA:91,0
DA:92,0
DA:94,0
DA:95,0
DA:96,0
DA:99,0
DA:107,0
DA:108,0
DA:109,0
DA:112,0
DA:113,0
DA:114,0
DA:117,0
DA:123,0
DA:125,0
DA:126,0
DA:127,0
DA:128,0
DA:129,0
DA:130,0
DA:131,0
DA:132,0
DA:135,0
DA:136,0
DA:137,0
DA:141,0
DA:142,0
DA:143,0
DA:146,0
DA:147,0
DA:148,0
DA:151,0
DA:152,0
DA:153,0
DA:156,0
DA:157,0
DA:158,0
DA:161,0
DA:162,0
DA:166,0
DA:167,0
DA:168,0
DA:169,0
DA:170,0
DA:172,0
DA:173,0
DA:175,0
DA:179,0
DA:182,0
DA:184,0
DA:185,0
DA:186,0
DA:187,0
DA:192,0
DA:193,0
DA:194,0
DA:197,0
DA:206,0
DA:208,0
DA:210,0
DA:211,0
DA:214,0
DA:215,0
DA:216,0
DA:217,0
DA:220,0
DA:221,0
DA:224,0
DA:225,0
DA:226,0
DA:227,0
DA:233,0
DA:234,0
DA:238,0
DA:239,0
DA:243,0
DA:245,0
DA:246,0
DA:248,0
DA:249,0
DA:250,0
DA:252,0
DA:253,0
DA:254,0
DA:256,0
DA:257,0
DA:258,0
DA:259,0
DA:260,0
DA:261,0
DA:265,0
DA:266,0
DA:267,0
DA:268,0
DA:270,0
DA:271,0
DA:277,0
DA:278,0
DA:279,0
DA:280,0
DA:281,0
DA:283,0
DA:284,0
DA:285,0
DA:286,0
DA:288,0
DA:290,0
DA:291,0
DA:293,0
DA:297,0
DA:298,0
DA:299,0
DA:300,0
DA:302,0
DA:306,0
DA:310,0
DA:311,0
DA:312,0
DA:313,0
DA:314,0
DA:321,0
DA:322,0
DA:323,0
DA:325,0
DA:326,0
DA:327,0
DA:329,0
DA:333,0
DA:334,0
DA:335,0
DA:336,0
DA:337,0
DA:339,0
DA:347,0
DA:348,0
DA:349,0
DA:350,0
DA:351,0
DA:352,0
DA:358,0
DA:359,0
DA:360,0
DA:361,0
DA:362,0
DA:375,0
DA:376,0
DA:379,0
DA:380,0
DA:381,0
DA:384,0
DA:385,0
DA:386,0
DA:388,0
DA:391,0
DA:392,0
DA:393,0
DA:395,0
DA:396,0
DA:398,0
DA:399,0
DA:400,0
DA:401,0
DA:402,0
DA:404,0
DA:405,0
DA:408,0
DA:409,0
DA:417,0
DA:418,0
DA:420,0
DA:421,0
DA:422,0
DA:423,0
DA:425,0
DA:427,0
DA:428,0
DA:429,0
DA:431,0
DA:432,0
DA:433,0
DA:434,0
DA:436,0
DA:438,0
DA:439,0
DA:440,0
DA:441,0
DA:443,0
DA:444,0
DA:445,0
DA:446,0
DA:447,0
DA:449,0
DA:452,0
DA:454,0
DA:457,0
DA:462,0
DA:463,0
DA:464,0
DA:465,0
DA:466,0
DA:467,0
DA:469,0
DA:474,0
DA:475,0
DA:476,0
DA:477,0
DA:478,0
DA:479,0
DA:491,0
DA:492,0
DA:493,0
DA:496,0
DA:498,0
DA:499,0
DA:500,0
DA:501,0
DA:502,0
DA:503,0
DA:505,0
DA:508,0
DA:509,0
DA:510,0
DA:511,0
DA:512,0
DA:513,0
DA:515,0
DA:517,0
DA:523,0
DA:524,0
DA:526,0
DA:527,0
DA:528,0
DA:529,0
LF:259
LH:0
BRDA:57,0,0,0
BRDA:57,0,1,0
BRDA:57,0,2,0
BRDA:71,1,0,0
BRDA:71,1,1,0
BRDA:71,2,0,0
BRDA:71,2,1,0
BRDA:73,3,0,0
BRDA:73,3,1,0
BRDA:94,4,0,0
BRDA:94,4,1,0
BRDA:122,5,0,0
BRDA:123,6,0,0
BRDA:123,6,1,0
BRDA:130,7,0,0
BRDA:130,7,1,0
BRDA:147,8,0,0
BRDA:147,8,1,0
BRDA:161,9,0,0
BRDA:161,9,1,0
BRDA:161,10,0,0
BRDA:161,10,1,0
BRDA:184,11,0,0
BRDA:184,11,1,0
BRDA:220,12,0,0
BRDA:220,12,1,0
BRDA:220,13,0,0
BRDA:220,13,1,0
BRDA:221,14,0,0
BRDA:221,14,1,0
BRDA:221,15,0,0
BRDA:221,15,1,0
BRDA:224,16,0,0
BRDA:224,16,1,0
BRDA:283,17,0,0
BRDA:283,17,1,0
BRDA:284,18,0,0
BRDA:284,18,1,0
BRDA:285,19,0,0
BRDA:285,19,1,0
BRDA:288,20,0,0
BRDA:288,20,1,0
BRDA:290,21,0,0
BRDA:290,21,1,0
BRDA:314,22,0,0
BRDA:314,22,1,0
BRDA:325,23,0,0
BRDA:325,23,1,0
BRDA:359,24,0,0
BRDA:359,24,1,0
BRDA:360,25,0,0
BRDA:360,25,1,0
BRDA:361,26,0,0
BRDA:361,26,1,0
BRDA:385,27,0,0
BRDA:385,27,1,0
BRDA:385,27,2,0
BRDA:386,28,0,0
BRDA:386,28,1,0
BRDA:386,28,2,0
BRDA:393,29,0,0
BRDA:393,29,1,0
BRDA:399,30,0,0
BRDA:399,30,1,0
BRDA:402,31,0,0
BRDA:402,31,1,0
BRDA:405,32,0,0
BRDA:405,32,1,0
BRDA:408,33,0,0
BRDA:408,33,1,0
BRDA:425,34,0,0
BRDA:425,34,1,0
BRDA:425,35,0,0
BRDA:425,35,1,0
BRDA:436,36,0,0
BRDA:436,36,1,0
BRDA:436,37,0,0
BRDA:436,37,1,0
BRDA:441,38,0,0
BRDA:441,38,1,0
BRDA:441,39,0,0
BRDA:441,39,1,0
BRDA:445,40,0,0
BRDA:445,40,1,0
BRDA:445,41,0,0
BRDA:445,41,1,0
BRDA:467,42,0,0
BRDA:467,42,1,0
BRDA:474,43,0,0
BRDA:474,43,1,0
BRDA:474,43,2,0
BRDA:474,43,3,0
BRDA:474,43,4,0
BRDA:493,44,0,0
BRDA:493,44,1,0
BRDA:500,45,0,0
BRDA:500,45,1,0
BRDA:502,46,0,0
BRDA:502,46,1,0
BRDA:505,47,0,0
BRDA:505,47,1,0
BRDA:508,48,0,0
BRDA:508,48,1,0
BRDA:508,49,0,0
BRDA:508,49,1,0
BRDA:510,50,0,0
BRDA:510,50,1,0
BRDA:510,51,0,0
BRDA:510,51,1,0
BRDA:512,52,0,0
BRDA:512,52,1,0
BRDA:512,53,0,0
BRDA:512,53,1,0
BRDA:524,54,0,0
BRDA:524,54,1,0
BRDA:527,55,0,0
BRDA:527,55,1,0
BRF:117
BRH:0
end_of_record
